Using MPS device for macOS
Using device: mps
Episode 1/3000 | Total reward: 0.00 | Avg loss: 0.0000 | Epsilon: 0.995 | LOSE | MEMORY_SIZE: 1SEED: 597
Episode 2/3000 | Total reward: -1.00 | Avg loss: 0.0000 | Epsilon: 0.990 | LOSE | MEMORY_SIZE: 3SEED: 597
Episode 3/3000 | Total reward: 18.00 | Avg loss: 0.0000 | Epsilon: 0.985 | LOSE | MEMORY_SIZE: 6SEED: 597
Episode 4/3000 | Total reward: -1.00 | Avg loss: 0.0000 | Epsilon: 0.980 | LOSE | MEMORY_SIZE: 8SEED: 597
Episode 5/3000 | Total reward: 17.00 | Avg loss: 0.0000 | Epsilon: 0.975 | LOSE | MEMORY_SIZE: 12SEED: 597
Episode 6/3000 | Total reward: 18.00 | Avg loss: 0.0000 | Epsilon: 0.970 | LOSE | MEMORY_SIZE: 15SEED: 597
Episode 7/3000 | Total reward: -1.00 | Avg loss: 0.0000 | Epsilon: 0.966 | LOSE | MEMORY_SIZE: 17SEED: 597
Episode 8/3000 | Total reward: 7.00 | Avg loss: 0.0000 | Epsilon: 0.961 | LOSE | MEMORY_SIZE: 21SEED: 597
Episode 9/3000 | Total reward: 6.00 | Avg loss: 0.0000 | Epsilon: 0.956 | LOSE | MEMORY_SIZE: 26SEED: 597
Episode 10/3000 | Total reward: 0.00 | Avg loss: 0.0000 | Epsilon: 0.951 | LOSE | MEMORY_SIZE: 27SEED: 597
Episode 11/3000 | Total reward: -1.00 | Avg loss: 0.0000 | Epsilon: 0.946 | LOSE | MEMORY_SIZE: 29SEED: 597
Episode 12/3000 | Total reward: 9.00 | Avg loss: 0.0000 | Epsilon: 0.942 | LOSE | MEMORY_SIZE: 31SEED: 597
Episode 13/3000 | Total reward: 9.00 | Avg loss: 0.0000 | Epsilon: 0.937 | LOSE | MEMORY_SIZE: 33SEED: 597
Episode 14/3000 | Total reward: 0.00 | Avg loss: 0.0000 | Epsilon: 0.932 | LOSE | MEMORY_SIZE: 34SEED: 597
Episode 15/3000 | Total reward: 9.00 | Avg loss: 0.0000 | Epsilon: 0.928 | LOSE | MEMORY_SIZE: 36SEED: 597
Episode 16/3000 | Total reward: 18.00 | Avg loss: 0.0000 | Epsilon: 0.923 | LOSE | MEMORY_SIZE: 39SEED: 597
Episode 17/3000 | Total reward: 0.00 | Avg loss: 0.0000 | Epsilon: 0.918 | LOSE | MEMORY_SIZE: 40SEED: 597
Episode 18/3000 | Total reward: 0.00 | Avg loss: 0.0000 | Epsilon: 0.914 | LOSE | MEMORY_SIZE: 41SEED: 597
Episode 19/3000 | Total reward: 9.00 | Avg loss: 0.0000 | Epsilon: 0.909 | LOSE | MEMORY_SIZE: 43SEED: 597
Episode 20/3000 | Total reward: 0.00 | Avg loss: 0.0000 | Epsilon: 0.905 | LOSE | MEMORY_SIZE: 44SEED: 597
Episode 21/3000 | Total reward: 24.00 | Avg loss: 0.0000 | Epsilon: 0.900 | LOSE | MEMORY_SIZE: 51SEED: 597
Episode 22/3000 | Total reward: 0.00 | Avg loss: 0.0000 | Epsilon: 0.896 | LOSE | MEMORY_SIZE: 52SEED: 597
Episode 23/3000 | Total reward: 0.00 | Avg loss: 0.0000 | Epsilon: 0.891 | LOSE | MEMORY_SIZE: 53SEED: 597
Episode 24/3000 | Total reward: 0.00 | Avg loss: 0.0000 | Epsilon: 0.887 | LOSE | MEMORY_SIZE: 54SEED: 597
Episode 25/3000 | Total reward: -1.00 | Avg loss: 0.0000 | Epsilon: 0.882 | LOSE | MEMORY_SIZE: 56SEED: 597
Episode 26/3000 | Total reward: 0.00 | Avg loss: 0.0000 | Epsilon: 0.878 | LOSE | MEMORY_SIZE: 57SEED: 597
Episode 27/3000 | Total reward: 0.00 | Avg loss: 0.0000 | Epsilon: 0.873 | LOSE | MEMORY_SIZE: 58SEED: 597
Episode 28/3000 | Total reward: 0.00 | Avg loss: 0.0000 | Epsilon: 0.869 | LOSE | MEMORY_SIZE: 59SEED: 597
Episode 29/3000 | Total reward: -1.00 | Avg loss: 0.0000 | Epsilon: 0.865 | LOSE | MEMORY_SIZE: 61SEED: 597
Episode 30/3000 | Total reward: 9.00 | Avg loss: 0.0000 | Epsilon: 0.860 | LOSE | MEMORY_SIZE: 63SEED: 597
Episode 31/3000 | Total reward: 0.00 | Avg loss: 24.5250 | Epsilon: 0.856 | LOSE | MEMORY_SIZE: 64SEED: 597
Episode 32/3000 | Total reward: 0.00 | Avg loss: 19.6924 | Epsilon: 0.852 | LOSE | MEMORY_SIZE: 65SEED: 597
Episode 33/3000 | Total reward: 34.00 | Avg loss: 11.7370 | Epsilon: 0.848 | LOSE | MEMORY_SIZE: 72SEED: 597
Episode 34/3000 | Total reward: 36.00 | Avg loss: 3.6477 | Epsilon: 0.843 | LOSE | MEMORY_SIZE: 77SEED: 597
Episode 35/3000 | Total reward: 15.00 | Avg loss: 1.4833 | Epsilon: 0.839 | LOSE | MEMORY_SIZE: 83SEED: 597
Episode 36/3000 | Total reward: 0.00 | Avg loss: 1.5931 | Epsilon: 0.835 | LOSE | MEMORY_SIZE: 84SEED: 597
Episode 37/3000 | Total reward: 0.00 | Avg loss: 2.7794 | Epsilon: 0.831 | LOSE | MEMORY_SIZE: 85SEED: 597
Episode 38/3000 | Total reward: 0.00 | Avg loss: 1.1723 | Epsilon: 0.827 | LOSE | MEMORY_SIZE: 86SEED: 597
Episode 39/3000 | Total reward: 9.00 | Avg loss: 1.9798 | Epsilon: 0.822 | LOSE | MEMORY_SIZE: 88SEED: 597
Episode 40/3000 | Total reward: -1.00 | Avg loss: 1.1551 | Epsilon: 0.818 | LOSE | MEMORY_SIZE: 90SEED: 597
Episode 41/3000 | Total reward: 0.00 | Avg loss: 1.2071 | Epsilon: 0.814 | LOSE | MEMORY_SIZE: 91SEED: 597
Episode 42/3000 | Total reward: 8.00 | Avg loss: 6.0730 | Epsilon: 0.810 | LOSE | MEMORY_SIZE: 94SEED: 597
Episode 43/3000 | Total reward: 0.00 | Avg loss: 3.6559 | Epsilon: 0.806 | LOSE | MEMORY_SIZE: 95SEED: 597
Episode 44/3000 | Total reward: 0.00 | Avg loss: 3.1848 | Epsilon: 0.802 | LOSE | MEMORY_SIZE: 96SEED: 597
Episode 45/3000 | Total reward: 16.00 | Avg loss: 2.0774 | Epsilon: 0.798 | LOSE | MEMORY_SIZE: 101SEED: 597
Episode 46/3000 | Total reward: 8.00 | Avg loss: 2.4250 | Epsilon: 0.794 | LOSE | MEMORY_SIZE: 104SEED: 597
Episode 47/3000 | Total reward: 18.00 | Avg loss: 1.8641 | Epsilon: 0.790 | LOSE | MEMORY_SIZE: 107SEED: 597
Episode 48/3000 | Total reward: 9.00 | Avg loss: 1.6312 | Epsilon: 0.786 | LOSE | MEMORY_SIZE: 109SEED: 597
Episode 49/3000 | Total reward: 18.00 | Avg loss: 1.3784 | Epsilon: 0.782 | LOSE | MEMORY_SIZE: 112SEED: 597
Episode 50/3000 | Total reward: 9.00 | Avg loss: 1.4605 | Epsilon: 0.778 | LOSE | MEMORY_SIZE: 114SEED: 597
Episode 51/3000 | Total reward: 7.00 | Avg loss: 2.0363 | Epsilon: 0.774 | LOSE | MEMORY_SIZE: 118SEED: 597
Episode 52/3000 | Total reward: 24.00 | Avg loss: 16.1540 | Epsilon: 0.771 | LOSE | MEMORY_SIZE: 125SEED: 597
Episode 53/3000 | Total reward: 0.00 | Avg loss: 5.0770 | Epsilon: 0.767 | LOSE | MEMORY_SIZE: 126SEED: 597
Episode 54/3000 | Total reward: 0.00 | Avg loss: 3.7153 | Epsilon: 0.763 | LOSE | MEMORY_SIZE: 127SEED: 597
Episode 55/3000 | Total reward: 9.00 | Avg loss: 5.8533 | Epsilon: 0.759 | LOSE | MEMORY_SIZE: 129SEED: 597
Episode 56/3000 | Total reward: 17.00 | Avg loss: 7.4662 | Epsilon: 0.755 | LOSE | MEMORY_SIZE: 133SEED: 597
Episode 57/3000 | Total reward: 14.00 | Avg loss: 5.1099 | Epsilon: 0.751 | LOSE | MEMORY_SIZE: 140SEED: 597
Episode 58/3000 | Total reward: 0.00 | Avg loss: 6.9845 | Epsilon: 0.748 | LOSE | MEMORY_SIZE: 141SEED: 597
Episode 59/3000 | Total reward: 0.00 | Avg loss: 6.6064 | Epsilon: 0.744 | LOSE | MEMORY_SIZE: 142SEED: 597
Episode 60/3000 | Total reward: 7.00 | Avg loss: 5.3037 | Epsilon: 0.740 | LOSE | MEMORY_SIZE: 146SEED: 597
Episode 61/3000 | Total reward: 0.00 | Avg loss: 3.0538 | Epsilon: 0.737 | LOSE | MEMORY_SIZE: 147SEED: 597
Episode 62/3000 | Total reward: 9.00 | Avg loss: 295.4553 | Epsilon: 0.733 | LOSE | MEMORY_SIZE: 149SEED: 597
Episode 63/3000 | Total reward: 6.00 | Avg loss: 199.7355 | Epsilon: 0.729 | LOSE | MEMORY_SIZE: 154SEED: 597
Episode 64/3000 | Total reward: 0.00 | Avg loss: 118.3838 | Epsilon: 0.726 | LOSE | MEMORY_SIZE: 155SEED: 597
Episode 65/3000 | Total reward: 0.00 | Avg loss: 71.5477 | Epsilon: 0.722 | LOSE | MEMORY_SIZE: 156SEED: 597
Episode 66/3000 | Total reward: 0.00 | Avg loss: 73.3556 | Epsilon: 0.718 | LOSE | MEMORY_SIZE: 157SEED: 597
Episode 67/3000 | Total reward: 0.00 | Avg loss: 52.9772 | Epsilon: 0.715 | LOSE | MEMORY_SIZE: 158SEED: 597
Episode 68/3000 | Total reward: -1.00 | Avg loss: 21.4803 | Epsilon: 0.711 | LOSE | MEMORY_SIZE: 160SEED: 597
Episode 69/3000 | Total reward: 0.00 | Avg loss: 12.9571 | Epsilon: 0.708 | LOSE | MEMORY_SIZE: 161SEED: 597
Episode 70/3000 | Total reward: 0.00 | Avg loss: 16.9614 | Epsilon: 0.704 | LOSE | MEMORY_SIZE: 162SEED: 597
Episode 71/3000 | Total reward: 0.00 | Avg loss: 16.7257 | Epsilon: 0.701 | LOSE | MEMORY_SIZE: 163SEED: 597
Episode 72/3000 | Total reward: 0.00 | Avg loss: 884.0735 | Epsilon: 0.697 | LOSE | MEMORY_SIZE: 164SEED: 597
Episode 73/3000 | Total reward: 9.00 | Avg loss: 748.4251 | Epsilon: 0.694 | LOSE | MEMORY_SIZE: 166SEED: 597
Episode 74/3000 | Total reward: -2.00 | Avg loss: 474.5583 | Epsilon: 0.690 | LOSE | MEMORY_SIZE: 169SEED: 597
Episode 75/3000 | Total reward: 9.00 | Avg loss: 251.8594 | Epsilon: 0.687 | LOSE | MEMORY_SIZE: 171SEED: 597
Episode 76/3000 | Total reward: -1.00 | Avg loss: 244.5992 | Epsilon: 0.683 | LOSE | MEMORY_SIZE: 173SEED: 597
Episode 77/3000 | Total reward: 0.00 | Avg loss: 88.5441 | Epsilon: 0.680 | LOSE | MEMORY_SIZE: 174SEED: 597
Episode 78/3000 | Total reward: 16.00 | Avg loss: 110.7519 | Epsilon: 0.676 | LOSE | MEMORY_SIZE: 179SEED: 597
Episode 79/3000 | Total reward: 17.00 | Avg loss: 162.1657 | Epsilon: 0.673 | LOSE | MEMORY_SIZE: 183SEED: 597
Episode 80/3000 | Total reward: 0.00 | Avg loss: 95.8301 | Epsilon: 0.670 | LOSE | MEMORY_SIZE: 184SEED: 597
Episode 81/3000 | Total reward: -1.00 | Avg loss: 175.2513 | Epsilon: 0.666 | LOSE | MEMORY_SIZE: 186SEED: 597
Episode 82/3000 | Total reward: 0.00 | Avg loss: 3557.2280 | Epsilon: 0.663 | LOSE | MEMORY_SIZE: 187SEED: 597
Episode 83/3000 | Total reward: 0.00 | Avg loss: 3889.6343 | Epsilon: 0.660 | LOSE | MEMORY_SIZE: 188SEED: 597
Episode 84/3000 | Total reward: 8.00 | Avg loss: 3033.9492 | Epsilon: 0.656 | LOSE | MEMORY_SIZE: 191SEED: 597
Episode 85/3000 | Total reward: 9.00 | Avg loss: 2168.0765 | Epsilon: 0.653 | LOSE | MEMORY_SIZE: 193SEED: 597
Episode 86/3000 | Total reward: 9.00 | Avg loss: 1897.8460 | Epsilon: 0.650 | LOSE | MEMORY_SIZE: 195SEED: 597
Episode 87/3000 | Total reward: 44.00 | Avg loss: 1356.3227 | Epsilon: 0.647 | LOSE | MEMORY_SIZE: 202SEED: 597
Episode 88/3000 | Total reward: 9.00 | Avg loss: 566.5914 | Epsilon: 0.643 | LOSE | MEMORY_SIZE: 204SEED: 597
Episode 89/3000 | Total reward: 0.00 | Avg loss: 654.3871 | Epsilon: 0.640 | LOSE | MEMORY_SIZE: 205SEED: 597
Episode 90/3000 | Total reward: 27.00 | Avg loss: 647.5831 | Epsilon: 0.637 | LOSE | MEMORY_SIZE: 209SEED: 597
Episode 91/3000 | Total reward: 0.00 | Avg loss: 586.3051 | Epsilon: 0.634 | LOSE | MEMORY_SIZE: 210SEED: 597
Episode 92/3000 | Total reward: 0.00 | Avg loss: 21551.8711 | Epsilon: 0.631 | LOSE | MEMORY_SIZE: 211SEED: 597
Episode 93/3000 | Total reward: 17.00 | Avg loss: 19374.4097 | Epsilon: 0.627 | LOSE | MEMORY_SIZE: 215SEED: 597
Episode 94/3000 | Total reward: 0.00 | Avg loss: 13847.2188 | Epsilon: 0.624 | LOSE | MEMORY_SIZE: 216SEED: 597
Episode 95/3000 | Total reward: 0.00 | Avg loss: 12975.9824 | Epsilon: 0.621 | LOSE | MEMORY_SIZE: 217SEED: 597
Episode 96/3000 | Total reward: 8.00 | Avg loss: 12764.7087 | Epsilon: 0.618 | LOSE | MEMORY_SIZE: 220SEED: 597
Episode 97/3000 | Total reward: 0.00 | Avg loss: 9486.3750 | Epsilon: 0.615 | LOSE | MEMORY_SIZE: 221SEED: 597
Episode 98/3000 | Total reward: 9.00 | Avg loss: 8633.1548 | Epsilon: 0.612 | LOSE | MEMORY_SIZE: 223SEED: 597
Episode 99/3000 | Total reward: 31.00 | Avg loss: 4478.1124 | Epsilon: 0.609 | LOSE | MEMORY_SIZE: 233SEED: 597
Episode 100/3000 | Total reward: 0.00 | Avg loss: 1820.7057 | Epsilon: 0.606 | LOSE | MEMORY_SIZE: 234SEED: 597
--- Last 100 episodes ---
Avg reward: 6.36 | Avg loss: 1275.6818 | Win rate: 0.0% | Lose rate: 100.0%
-------------------------
Episode 101/3000 | Total reward: 25.00 | Avg loss: 3131.7831 | Epsilon: 0.603 | LOSE | MEMORY_SIZE: 240SEED: 597
Episode 102/3000 | Total reward: 9.00 | Avg loss: 3803.9003 | Epsilon: 0.600 | LOSE | MEMORY_SIZE: 242SEED: 597
Episode 103/3000 | Total reward: 0.00 | Avg loss: 5770.7773 | Epsilon: 0.597 | LOSE | MEMORY_SIZE: 243SEED: 597
Episode 104/3000 | Total reward: 13.00 | Avg loss: 4975.9578 | Epsilon: 0.594 | LOSE | MEMORY_SIZE: 251SEED: 597
Episode 105/3000 | Total reward: 8.00 | Avg loss: 3238.2237 | Epsilon: 0.591 | LOSE | MEMORY_SIZE: 254SEED: 597
Episode 106/3000 | Total reward: -1.00 | Avg loss: 2342.6802 | Epsilon: 0.588 | LOSE | MEMORY_SIZE: 256SEED: 597
Episode 107/3000 | Total reward: 0.00 | Avg loss: 6148.2139 | Epsilon: 0.585 | LOSE | MEMORY_SIZE: 257SEED: 597
Episode 108/3000 | Total reward: 4.00 | Avg loss: 3868.2943 | Epsilon: 0.582 | LOSE | MEMORY_SIZE: 264SEED: 597
Episode 109/3000 | Total reward: -1.00 | Avg loss: 2511.2179 | Epsilon: 0.579 | LOSE | MEMORY_SIZE: 266SEED: 597
Episode 110/3000 | Total reward: 14.00 | Avg loss: 2468.2578 | Epsilon: 0.576 | LOSE | MEMORY_SIZE: 293SEED: 597
Episode 111/3000 | Total reward: 0.00 | Avg loss: 1729.6309 | Epsilon: 0.573 | LOSE | MEMORY_SIZE: 294SEED: 597
Episode 112/3000 | Total reward: -1.00 | Avg loss: 7930.8884 | Epsilon: 0.570 | LOSE | MEMORY_SIZE: 296SEED: 597
Episode 113/3000 | Total reward: 16.00 | Avg loss: 7288.4309 | Epsilon: 0.568 | LOSE | MEMORY_SIZE: 301SEED: 597
Episode 114/3000 | Total reward: 0.00 | Avg loss: 7539.5811 | Epsilon: 0.565 | LOSE | MEMORY_SIZE: 302SEED: 597
Episode 115/3000 | Total reward: 15.00 | Avg loss: 2917.3814 | Epsilon: 0.562 | LOSE | MEMORY_SIZE: 308SEED: 597
Episode 116/3000 | Total reward: 0.00 | Avg loss: 3228.1057 | Epsilon: 0.559 | LOSE | MEMORY_SIZE: 309SEED: 597
Episode 117/3000 | Total reward: 0.00 | Avg loss: 2078.8999 | Epsilon: 0.556 | LOSE | MEMORY_SIZE: 310SEED: 597
Episode 118/3000 | Total reward: 8.00 | Avg loss: 1394.6707 | Epsilon: 0.554 | LOSE | MEMORY_SIZE: 313SEED: 597
Episode 119/3000 | Total reward: 8.00 | Avg loss: 2231.0665 | Epsilon: 0.551 | LOSE | MEMORY_SIZE: 316SEED: 597
Episode 120/3000 | Total reward: 0.00 | Avg loss: 1531.4554 | Epsilon: 0.548 | LOSE | MEMORY_SIZE: 317SEED: 597
Episode 121/3000 | Total reward: -1.00 | Avg loss: 1597.2048 | Epsilon: 0.545 | LOSE | MEMORY_SIZE: 319SEED: 597
Episode 122/3000 | Total reward: 0.00 | Avg loss: 1245.4976 | Epsilon: 0.543 | LOSE | MEMORY_SIZE: 320SEED: 597
Episode 123/3000 | Total reward: 0.00 | Avg loss: 1667.1846 | Epsilon: 0.540 | LOSE | MEMORY_SIZE: 321SEED: 597
Episode 124/3000 | Total reward: -1.00 | Avg loss: 1791.6565 | Epsilon: 0.537 | LOSE | MEMORY_SIZE: 323SEED: 597
Episode 125/3000 | Total reward: -1.00 | Avg loss: 2292.0507 | Epsilon: 0.534 | LOSE | MEMORY_SIZE: 325SEED: 597
Episode 126/3000 | Total reward: 0.00 | Avg loss: 1054.6357 | Epsilon: 0.532 | LOSE | MEMORY_SIZE: 326SEED: 597
Episode 127/3000 | Total reward: -2.00 | Avg loss: 1795.1333 | Epsilon: 0.529 | LOSE | MEMORY_SIZE: 329SEED: 597
Episode 128/3000 | Total reward: 0.00 | Avg loss: 2583.3608 | Epsilon: 0.526 | LOSE | MEMORY_SIZE: 330SEED: 597
Episode 129/3000 | Total reward: 18.00 | Avg loss: 2422.9213 | Epsilon: 0.524 | LOSE | MEMORY_SIZE: 333SEED: 597
Episode 130/3000 | Total reward: -4.00 | Avg loss: 2141.1269 | Epsilon: 0.521 | LOSE | MEMORY_SIZE: 338SEED: 597
Episode 131/3000 | Total reward: 0.00 | Avg loss: 1662.1692 | Epsilon: 0.519 | LOSE | MEMORY_SIZE: 339SEED: 597
Episode 132/3000 | Total reward: -2.00 | Avg loss: 4207.1598 | Epsilon: 0.516 | LOSE | MEMORY_SIZE: 342SEED: 597
Episode 133/3000 | Total reward: 0.00 | Avg loss: 2830.4514 | Epsilon: 0.513 | LOSE | MEMORY_SIZE: 343SEED: 597
Episode 134/3000 | Total reward: -5.00 | Avg loss: 3619.9859 | Epsilon: 0.511 | LOSE | MEMORY_SIZE: 349SEED: 597
Episode 135/3000 | Total reward: 9.00 | Avg loss: 1961.4027 | Epsilon: 0.508 | LOSE | MEMORY_SIZE: 361SEED: 597
Episode 136/3000 | Total reward: -2.00 | Avg loss: 1058.8618 | Epsilon: 0.506 | LOSE | MEMORY_SIZE: 364SEED: 597
Episode 137/3000 | Total reward: -2.00 | Avg loss: 1093.1737 | Epsilon: 0.503 | LOSE | MEMORY_SIZE: 367SEED: 597
Episode 138/3000 | Total reward: 4.00 | Avg loss: 1044.6468 | Epsilon: 0.501 | LOSE | MEMORY_SIZE: 374SEED: 597
Episode 139/3000 | Total reward: -2.00 | Avg loss: 1512.0686 | Epsilon: 0.498 | LOSE | MEMORY_SIZE: 377SEED: 597
Episode 140/3000 | Total reward: 18.00 | Avg loss: 872.0409 | Epsilon: 0.496 | LOSE | MEMORY_SIZE: 390SEED: 597
Episode 141/3000 | Total reward: -1.00 | Avg loss: 676.8107 | Epsilon: 0.493 | LOSE | MEMORY_SIZE: 392SEED: 597
Episode 142/3000 | Total reward: 11.00 | Avg loss: 1836.5022 | Epsilon: 0.491 | LOSE | MEMORY_SIZE: 402SEED: 597
Episode 143/3000 | Total reward: 0.00 | Avg loss: 1484.6678 | Epsilon: 0.488 | LOSE | MEMORY_SIZE: 403SEED: 597
Episode 144/3000 | Total reward: 4.00 | Avg loss: 933.0260 | Epsilon: 0.486 | LOSE | MEMORY_SIZE: 420SEED: 597
Episode 145/3000 | Total reward: -1.00 | Avg loss: 885.2136 | Epsilon: 0.483 | LOSE | MEMORY_SIZE: 422SEED: 597
Episode 146/3000 | Total reward: 0.00 | Avg loss: 657.9933 | Epsilon: 0.481 | LOSE | MEMORY_SIZE: 423SEED: 597
Episode 147/3000 | Total reward: 0.00 | Avg loss: 680.2786 | Epsilon: 0.479 | LOSE | MEMORY_SIZE: 424SEED: 597
Episode 148/3000 | Total reward: 0.00 | Avg loss: 518.9913 | Epsilon: 0.476 | LOSE | MEMORY_SIZE: 425SEED: 597
Episode 149/3000 | Total reward: 5.00 | Avg loss: 702.6432 | Epsilon: 0.474 | LOSE | MEMORY_SIZE: 431SEED: 597
Episode 150/3000 | Total reward: 6.00 | Avg loss: 709.4219 | Epsilon: 0.471 | LOSE | MEMORY_SIZE: 436SEED: 597
Episode 151/3000 | Total reward: 4.00 | Avg loss: 536.0988 | Epsilon: 0.469 | LOSE | MEMORY_SIZE: 443SEED: 597
Episode 152/3000 | Total reward: 7.00 | Avg loss: 1395.9863 | Epsilon: 0.467 | LOSE | MEMORY_SIZE: 447SEED: 597
Episode 153/3000 | Total reward: -7.00 | Avg loss: 1056.3421 | Epsilon: 0.464 | LOSE | MEMORY_SIZE: 455SEED: 597
Episode 154/3000 | Total reward: -1.00 | Avg loss: 1139.0838 | Epsilon: 0.462 | LOSE | MEMORY_SIZE: 457SEED: 597
Episode 155/3000 | Total reward: 4.00 | Avg loss: 868.1436 | Epsilon: 0.460 | LOSE | MEMORY_SIZE: 464SEED: 597
Episode 156/3000 | Total reward: 69.00 | Avg loss: 839.6487 | Epsilon: 0.458 | LOSE | MEMORY_SIZE: 476SEED: 597
Episode 157/3000 | Total reward: 0.00 | Avg loss: 781.4056 | Epsilon: 0.455 | LOSE | MEMORY_SIZE: 477SEED: 597
Episode 158/3000 | Total reward: 0.00 | Avg loss: 850.0345 | Epsilon: 0.453 | LOSE | MEMORY_SIZE: 478SEED: 597
Episode 159/3000 | Total reward: 0.00 | Avg loss: 186.7698 | Epsilon: 0.451 | LOSE | MEMORY_SIZE: 479SEED: 597
Episode 160/3000 | Total reward: 8.00 | Avg loss: 726.3376 | Epsilon: 0.448 | LOSE | MEMORY_SIZE: 482SEED: 597
Episode 161/3000 | Total reward: 0.00 | Avg loss: 622.3411 | Epsilon: 0.446 | LOSE | MEMORY_SIZE: 483SEED: 597
Episode 162/3000 | Total reward: 23.00 | Avg loss: 5480.4172 | Epsilon: 0.444 | LOSE | MEMORY_SIZE: 491SEED: 597
Episode 163/3000 | Total reward: 9.00 | Avg loss: 4580.3521 | Epsilon: 0.442 | LOSE | MEMORY_SIZE: 493SEED: 597
Episode 164/3000 | Total reward: 9.00 | Avg loss: 4123.6934 | Epsilon: 0.440 | LOSE | MEMORY_SIZE: 495SEED: 597
Episode 165/3000 | Total reward: 14.00 | Avg loss: 3014.9246 | Epsilon: 0.437 | LOSE | MEMORY_SIZE: 502SEED: 597
Episode 166/3000 | Total reward: 51.00 | Avg loss: 2007.0188 | Epsilon: 0.435 | LOSE | MEMORY_SIZE: 512SEED: 597
Episode 167/3000 | Total reward: 0.00 | Avg loss: 1583.8206 | Epsilon: 0.433 | LOSE | MEMORY_SIZE: 513SEED: 597
Episode 168/3000 | Total reward: 0.00 | Avg loss: 1324.4569 | Epsilon: 0.431 | LOSE | MEMORY_SIZE: 514SEED: 597
Episode 169/3000 | Total reward: 34.00 | Avg loss: 1230.4450 | Epsilon: 0.429 | LOSE | MEMORY_SIZE: 521SEED: 597
Episode 170/3000 | Total reward: 0.00 | Avg loss: 1195.5764 | Epsilon: 0.427 | LOSE | MEMORY_SIZE: 522SEED: 597
Episode 171/3000 | Total reward: 9.00 | Avg loss: 1034.7084 | Epsilon: 0.424 | LOSE | MEMORY_SIZE: 524SEED: 597
Episode 172/3000 | Total reward: 9.00 | Avg loss: 2356.8257 | Epsilon: 0.422 | LOSE | MEMORY_SIZE: 526SEED: 597
Episode 173/3000 | Total reward: 18.00 | Avg loss: 1816.5979 | Epsilon: 0.420 | LOSE | MEMORY_SIZE: 529SEED: 597
Episode 174/3000 | Total reward: 17.00 | Avg loss: 1736.1349 | Epsilon: 0.418 | LOSE | MEMORY_SIZE: 533SEED: 597
Episode 175/3000 | Total reward: 21.00 | Avg loss: 1020.8929 | Epsilon: 0.416 | LOSE | MEMORY_SIZE: 543SEED: 597
Episode 176/3000 | Total reward: 9.00 | Avg loss: 927.5755 | Epsilon: 0.414 | LOSE | MEMORY_SIZE: 545SEED: 597
Episode 177/3000 | Total reward: 7.00 | Avg loss: 822.6248 | Epsilon: 0.412 | LOSE | MEMORY_SIZE: 549SEED: 597
Episode 178/3000 | Total reward: 26.00 | Avg loss: 797.7945 | Epsilon: 0.410 | LOSE | MEMORY_SIZE: 554SEED: 597
Episode 179/3000 | Total reward: 43.00 | Avg loss: 740.5204 | Epsilon: 0.408 | LOSE | MEMORY_SIZE: 572SEED: 597
Episode 180/3000 | Total reward: 14.00 | Avg loss: 670.9308 | Epsilon: 0.406 | LOSE | MEMORY_SIZE: 589SEED: 597
Episode 181/3000 | Total reward: 27.00 | Avg loss: 829.2921 | Epsilon: 0.404 | LOSE | MEMORY_SIZE: 593SEED: 597
Episode 182/3000 | Total reward: 22.00 | Avg loss: 1659.8981 | Epsilon: 0.402 | LOSE | MEMORY_SIZE: 602SEED: 597
Episode 183/3000 | Total reward: 34.00 | Avg loss: 1381.9203 | Epsilon: 0.400 | LOSE | MEMORY_SIZE: 609SEED: 597
Episode 184/3000 | Total reward: 52.00 | Avg loss: 1255.5906 | Epsilon: 0.398 | LOSE | MEMORY_SIZE: 628SEED: 597
Episode 185/3000 | Total reward: 16.00 | Avg loss: 1395.2157 | Epsilon: 0.396 | LOSE | MEMORY_SIZE: 633SEED: 597
Episode 186/3000 | Total reward: 0.00 | Avg loss: 1657.0573 | Epsilon: 0.394 | LOSE | MEMORY_SIZE: 634SEED: 597
Episode 187/3000 | Total reward: 0.00 | Avg loss: 1790.9551 | Epsilon: 0.392 | LOSE | MEMORY_SIZE: 635SEED: 597
Episode 188/3000 | Total reward: 27.00 | Avg loss: 1324.6157 | Epsilon: 0.390 | LOSE | MEMORY_SIZE: 639SEED: 597
Episode 189/3000 | Total reward: -4.00 | Avg loss: 892.2388 | Epsilon: 0.388 | LOSE | MEMORY_SIZE: 644SEED: 597
Episode 190/3000 | Total reward: 0.00 | Avg loss: 1776.6173 | Epsilon: 0.386 | LOSE | MEMORY_SIZE: 645SEED: 597
Episode 191/3000 | Total reward: 30.00 | Avg loss: 1155.2991 | Epsilon: 0.384 | LOSE | MEMORY_SIZE: 666SEED: 597
Episode 192/3000 | Total reward: 0.00 | Avg loss: 2250.0229 | Epsilon: 0.382 | LOSE | MEMORY_SIZE: 667SEED: 597
Episode 193/3000 | Total reward: 6.00 | Avg loss: 2115.2106 | Epsilon: 0.380 | LOSE | MEMORY_SIZE: 672SEED: 597
Episode 194/3000 | Total reward: -1.00 | Avg loss: 1587.7061 | Epsilon: 0.378 | LOSE | MEMORY_SIZE: 674SEED: 597
Episode 195/3000 | Total reward: 12.00 | Avg loss: 1201.9755 | Epsilon: 0.376 | LOSE | MEMORY_SIZE: 693SEED: 597
Episode 196/3000 | Total reward: -2.00 | Avg loss: 1112.6248 | Epsilon: 0.374 | LOSE | MEMORY_SIZE: 696SEED: 597
Episode 197/3000 | Total reward: 25.00 | Avg loss: 1088.3340 | Epsilon: 0.373 | LOSE | MEMORY_SIZE: 702SEED: 597
Episode 198/3000 | Total reward: -9.00 | Avg loss: 833.3795 | Epsilon: 0.371 | LOSE | MEMORY_SIZE: 712SEED: 597
Episode 199/3000 | Total reward: 24.00 | Avg loss: 709.1987 | Epsilon: 0.369 | LOSE | MEMORY_SIZE: 719SEED: 597
Episode 200/3000 | Total reward: 7.00 | Avg loss: 946.5775 | Epsilon: 0.367 | LOSE | MEMORY_SIZE: 723SEED: 597
--- Last 100 episodes ---
Avg reward: 8.31 | Avg loss: 1960.9893 | Win rate: 0.0% | Lose rate: 100.0%
-------------------------
Episode 201/3000 | Total reward: 9.00 | Avg loss: 774.1533 | Epsilon: 0.365 | LOSE | MEMORY_SIZE: 725SEED: 597
Episode 202/3000 | Total reward: 17.00 | Avg loss: 1146.9646 | Epsilon: 0.363 | LOSE | MEMORY_SIZE: 739SEED: 597
Episode 203/3000 | Total reward: 3.00 | Avg loss: 1100.7588 | Epsilon: 0.361 | LOSE | MEMORY_SIZE: 747SEED: 597
Episode 204/3000 | Total reward: 9.00 | Avg loss: 1472.6619 | Epsilon: 0.360 | LOSE | MEMORY_SIZE: 749SEED: 597
Episode 205/3000 | Total reward: 18.00 | Avg loss: 718.9078 | Epsilon: 0.358 | LOSE | MEMORY_SIZE: 752SEED: 597
Episode 206/3000 | Total reward: 6.00 | Avg loss: 913.1996 | Epsilon: 0.356 | LOSE | MEMORY_SIZE: 757SEED: 597
Episode 207/3000 | Total reward: 55.00 | Avg loss: 870.4115 | Epsilon: 0.354 | LOSE | MEMORY_SIZE: 773SEED: 597
Episode 208/3000 | Total reward: -1.00 | Avg loss: 835.9651 | Epsilon: 0.353 | LOSE | MEMORY_SIZE: 785SEED: 597
Episode 209/3000 | Total reward: 6.00 | Avg loss: 601.5481 | Epsilon: 0.351 | LOSE | MEMORY_SIZE: 790SEED: 597
Episode 210/3000 | Total reward: 0.00 | Avg loss: 837.5860 | Epsilon: 0.349 | LOSE | MEMORY_SIZE: 791SEED: 597
Episode 211/3000 | Total reward: -6.00 | Avg loss: 886.1863 | Epsilon: 0.347 | LOSE | MEMORY_SIZE: 798SEED: 597
Episode 212/3000 | Total reward: -2.00 | Avg loss: 1337.6790 | Epsilon: 0.346 | LOSE | MEMORY_SIZE: 801SEED: 597
Episode 213/3000 | Total reward: 55.00 | Avg loss: 997.7036 | Epsilon: 0.344 | LOSE | MEMORY_SIZE: 827SEED: 597
Episode 214/3000 | Total reward: -3.00 | Avg loss: 772.7022 | Epsilon: 0.342 | LOSE | MEMORY_SIZE: 831SEED: 597
Episode 215/3000 | Total reward: -5.00 | Avg loss: 1067.2319 | Epsilon: 0.340 | LOSE | MEMORY_SIZE: 837SEED: 597
Episode 216/3000 | Total reward: -5.00 | Avg loss: 863.2194 | Epsilon: 0.339 | LOSE | MEMORY_SIZE: 863SEED: 597
Episode 217/3000 | Total reward: -3.00 | Avg loss: 784.3910 | Epsilon: 0.337 | LOSE | MEMORY_SIZE: 877SEED: 597
Episode 218/3000 | Total reward: -1.00 | Avg loss: 1213.1349 | Epsilon: 0.335 | LOSE | MEMORY_SIZE: 879SEED: 597
Episode 219/3000 | Total reward: -6.00 | Avg loss: 813.9023 | Epsilon: 0.334 | LOSE | MEMORY_SIZE: 886SEED: 597
Episode 220/3000 | Total reward: 5.00 | Avg loss: 702.0421 | Epsilon: 0.332 | LOSE | MEMORY_SIZE: 892SEED: 597
Episode 221/3000 | Total reward: -9.00 | Avg loss: 870.6479 | Epsilon: 0.330 | LOSE | MEMORY_SIZE: 902SEED: 597
Episode 222/3000 | Total reward: -5.00 | Avg loss: 1275.0445 | Epsilon: 0.329 | LOSE | MEMORY_SIZE: 908SEED: 597
Episode 223/3000 | Total reward: -4.00 | Avg loss: 1308.7284 | Epsilon: 0.327 | LOSE | MEMORY_SIZE: 913SEED: 597
Episode 224/3000 | Total reward: 7.00 | Avg loss: 866.7236 | Epsilon: 0.325 | LOSE | MEMORY_SIZE: 917SEED: 597
Episode 225/3000 | Total reward: 0.00 | Avg loss: 958.1625 | Epsilon: 0.324 | LOSE | MEMORY_SIZE: 918SEED: 597
Episode 226/3000 | Total reward: 32.00 | Avg loss: 931.6076 | Epsilon: 0.322 | LOSE | MEMORY_SIZE: 947SEED: 597
Episode 227/3000 | Total reward: 21.00 | Avg loss: 896.8299 | Epsilon: 0.321 | LOSE | MEMORY_SIZE: 957SEED: 597
Episode 228/3000 | Total reward: 8.00 | Avg loss: 778.8479 | Epsilon: 0.319 | LOSE | MEMORY_SIZE: 960SEED: 597
Episode 229/3000 | Total reward: 9.00 | Avg loss: 729.0083 | Epsilon: 0.317 | LOSE | MEMORY_SIZE: 962SEED: 597
Episode 230/3000 | Total reward: 0.00 | Avg loss: 726.9224 | Epsilon: 0.316 | LOSE | MEMORY_SIZE: 963SEED: 597
Episode 231/3000 | Total reward: 53.00 | Avg loss: 813.9006 | Epsilon: 0.314 | LOSE | MEMORY_SIZE: 981SEED: 597
Episode 232/3000 | Total reward: -1.00 | Avg loss: 1691.0311 | Epsilon: 0.313 | LOSE | MEMORY_SIZE: 983SEED: 597
Episode 233/3000 | Total reward: 14.00 | Avg loss: 1505.2600 | Epsilon: 0.311 | LOSE | MEMORY_SIZE: 990SEED: 597
Episode 234/3000 | Total reward: -11.00 | Avg loss: 1074.5897 | Epsilon: 0.309 | LOSE | MEMORY_SIZE: 1002SEED: 597
Episode 235/3000 | Total reward: -3.00 | Avg loss: 1171.3551 | Epsilon: 0.308 | LOSE | MEMORY_SIZE: 1006SEED: 597
Episode 236/3000 | Total reward: -5.00 | Avg loss: 1124.5918 | Epsilon: 0.306 | LOSE | MEMORY_SIZE: 1012SEED: 597
Episode 237/3000 | Total reward: 0.00 | Avg loss: 767.7543 | Epsilon: 0.305 | LOSE | MEMORY_SIZE: 1013SEED: 597
Episode 238/3000 | Total reward: 1.00 | Avg loss: 1016.6994 | Epsilon: 0.303 | LOSE | MEMORY_SIZE: 1023SEED: 597
Episode 239/3000 | Total reward: -3.00 | Avg loss: 945.0464 | Epsilon: 0.302 | LOSE | MEMORY_SIZE: 1027SEED: 597
Episode 240/3000 | Total reward: -1.00 | Avg loss: 947.3551 | Epsilon: 0.300 | LOSE | MEMORY_SIZE: 1029SEED: 597
Episode 241/3000 | Total reward: 8.00 | Avg loss: 947.5098 | Epsilon: 0.299 | LOSE | MEMORY_SIZE: 1032SEED: 597
Episode 242/3000 | Total reward: 7.00 | Avg loss: 1799.8848 | Epsilon: 0.297 | LOSE | MEMORY_SIZE: 1036SEED: 597
Episode 243/3000 | Total reward: -7.00 | Avg loss: 1759.3234 | Epsilon: 0.296 | LOSE | MEMORY_SIZE: 1044SEED: 597
Episode 244/3000 | Total reward: 0.00 | Avg loss: 1067.3584 | Epsilon: 0.294 | LOSE | MEMORY_SIZE: 1045SEED: 597
Episode 245/3000 | Total reward: 46.00 | Avg loss: 1623.5756 | Epsilon: 0.293 | LOSE | MEMORY_SIZE: 1080SEED: 597
Episode 246/3000 | Total reward: 0.00 | Avg loss: 985.5845 | Epsilon: 0.291 | LOSE | MEMORY_SIZE: 1081SEED: 597
Episode 247/3000 | Total reward: 17.00 | Avg loss: 1389.0343 | Epsilon: 0.290 | LOSE | MEMORY_SIZE: 1125SEED: 597
Episode 248/3000 | Total reward: -7.00 | Avg loss: 1638.7401 | Epsilon: 0.288 | LOSE | MEMORY_SIZE: 1143SEED: 597
Episode 249/3000 | Total reward: -3.00 | Avg loss: 1509.4717 | Epsilon: 0.287 | LOSE | MEMORY_SIZE: 1147SEED: 597
Episode 250/3000 | Total reward: 35.00 | Avg loss: 1437.4517 | Epsilon: 0.286 | LOSE | MEMORY_SIZE: 1183SEED: 597
Episode 251/3000 | Total reward: -1.00 | Avg loss: 1614.0393 | Epsilon: 0.284 | LOSE | MEMORY_SIZE: 1195SEED: 597
Episode 252/3000 | Total reward: 2.00 | Avg loss: 3044.4390 | Epsilon: 0.283 | LOSE | MEMORY_SIZE: 1204SEED: 597
Episode 253/3000 | Total reward: -1.00 | Avg loss: 1745.9182 | Epsilon: 0.281 | LOSE | MEMORY_SIZE: 1206SEED: 597
Episode 254/3000 | Total reward: 19.00 | Avg loss: 1652.9231 | Epsilon: 0.280 | LOSE | MEMORY_SIZE: 1218SEED: 597
Episode 255/3000 | Total reward: 15.00 | Avg loss: 1327.2183 | Epsilon: 0.279 | LOSE | MEMORY_SIZE: 1234SEED: 597
Episode 256/3000 | Total reward: 9.00 | Avg loss: 1358.2777 | Epsilon: 0.277 | LOSE | MEMORY_SIZE: 1266SEED: 597
Episode 257/3000 | Total reward: 0.00 | Avg loss: 1189.7180 | Epsilon: 0.276 | LOSE | MEMORY_SIZE: 1277SEED: 597
Episode 258/3000 | Total reward: 0.00 | Avg loss: 1231.6123 | Epsilon: 0.274 | LOSE | MEMORY_SIZE: 1278SEED: 597
Episode 259/3000 | Total reward: -9.00 | Avg loss: 1134.3698 | Epsilon: 0.273 | LOSE | MEMORY_SIZE: 1298SEED: 597
Episode 260/3000 | Total reward: 24.00 | Avg loss: 1204.9768 | Epsilon: 0.272 | LOSE | MEMORY_SIZE: 1315SEED: 597
Episode 261/3000 | Total reward: 0.00 | Avg loss: 1894.0554 | Epsilon: 0.270 | LOSE | MEMORY_SIZE: 1316SEED: 597
Episode 262/3000 | Total reward: 0.00 | Avg loss: 2939.4634 | Epsilon: 0.269 | LOSE | MEMORY_SIZE: 1317SEED: 597
Episode 263/3000 | Total reward: 14.00 | Avg loss: 2059.1747 | Epsilon: 0.268 | LOSE | MEMORY_SIZE: 1334SEED: 597
Episode 264/3000 | Total reward: -3.00 | Avg loss: 1576.9369 | Epsilon: 0.266 | LOSE | MEMORY_SIZE: 1338SEED: 597
Episode 265/3000 | Total reward: -7.00 | Avg loss: 1513.5831 | Epsilon: 0.265 | LOSE | MEMORY_SIZE: 1346SEED: 597
Episode 266/3000 | Total reward: 109.00 | Avg loss: 1316.9177 | Epsilon: 0.264 | LOSE | MEMORY_SIZE: 1378SEED: 597
Episode 267/3000 | Total reward: 29.00 | Avg loss: 1168.2039 | Epsilon: 0.262 | LOSE | MEMORY_SIZE: 1400SEED: 597
Episode 268/3000 | Total reward: 7.00 | Avg loss: 1227.3779 | Epsilon: 0.261 | LOSE | MEMORY_SIZE: 1424SEED: 597
Episode 269/3000 | Total reward: 36.00 | Avg loss: 1158.5268 | Epsilon: 0.260 | LOSE | MEMORY_SIZE: 1459SEED: 597
Episode 270/3000 | Total reward: 4.00 | Avg loss: 929.6737 | Epsilon: 0.258 | LOSE | MEMORY_SIZE: 1466SEED: 597
Episode 271/3000 | Total reward: -22.00 | Avg loss: 1020.9742 | Epsilon: 0.257 | LOSE | MEMORY_SIZE: 1499SEED: 597
Episode 272/3000 | Total reward: -8.00 | Avg loss: 1593.6198 | Epsilon: 0.256 | LOSE | MEMORY_SIZE: 1508SEED: 597
Episode 273/3000 | Total reward: 15.00 | Avg loss: 1510.7922 | Epsilon: 0.255 | LOSE | MEMORY_SIZE: 1514SEED: 597
Episode 274/3000 | Total reward: 15.00 | Avg loss: 1346.9086 | Epsilon: 0.253 | LOSE | MEMORY_SIZE: 1520SEED: 597
Episode 275/3000 | Total reward: -2.00 | Avg loss: 1262.5198 | Epsilon: 0.252 | LOSE | MEMORY_SIZE: 1523SEED: 597
Episode 276/3000 | Total reward: 8.00 | Avg loss: 1346.2761 | Epsilon: 0.251 | LOSE | MEMORY_SIZE: 1546SEED: 597
Episode 277/3000 | Total reward: 11.00 | Avg loss: 1216.7811 | Epsilon: 0.249 | LOSE | MEMORY_SIZE: 1556SEED: 597
Episode 278/3000 | Total reward: 7.00 | Avg loss: 1320.3434 | Epsilon: 0.248 | LOSE | MEMORY_SIZE: 1560SEED: 597
Episode 279/3000 | Total reward: 17.00 | Avg loss: 1192.9916 | Epsilon: 0.247 | LOSE | MEMORY_SIZE: 1564SEED: 597
Episode 280/3000 | Total reward: 18.00 | Avg loss: 1312.4464 | Epsilon: 0.246 | LOSE | MEMORY_SIZE: 1567SEED: 597
Episode 281/3000 | Total reward: 39.00 | Avg loss: 1190.7937 | Epsilon: 0.245 | LOSE | MEMORY_SIZE: 1599SEED: 597
Episode 282/3000 | Total reward: 0.00 | Avg loss: 1491.0481 | Epsilon: 0.243 | LOSE | MEMORY_SIZE: 1600SEED: 597
Episode 283/3000 | Total reward: 10.00 | Avg loss: 1447.3536 | Epsilon: 0.242 | LOSE | MEMORY_SIZE: 1611SEED: 597
Episode 284/3000 | Total reward: 9.00 | Avg loss: 1353.8654 | Epsilon: 0.241 | LOSE | MEMORY_SIZE: 1613SEED: 597
Episode 285/3000 | Total reward: 9.00 | Avg loss: 1133.9716 | Epsilon: 0.240 | LOSE | MEMORY_SIZE: 1625SEED: 597
Episode 286/3000 | Total reward: 9.00 | Avg loss: 938.6075 | Epsilon: 0.238 | LOSE | MEMORY_SIZE: 1627SEED: 597
Episode 287/3000 | Total reward: 16.00 | Avg loss: 1044.0278 | Epsilon: 0.237 | LOSE | MEMORY_SIZE: 1632SEED: 597
Episode 288/3000 | Total reward: 17.00 | Avg loss: 1314.8449 | Epsilon: 0.236 | LOSE | MEMORY_SIZE: 1636SEED: 597
Episode 289/3000 | Total reward: -5.00 | Avg loss: 1102.0854 | Epsilon: 0.235 | LOSE | MEMORY_SIZE: 1642SEED: 597
Episode 290/3000 | Total reward: -3.00 | Avg loss: 938.2901 | Epsilon: 0.234 | LOSE | MEMORY_SIZE: 1646SEED: 597
Episode 291/3000 | Total reward: -11.00 | Avg loss: 1255.9264 | Epsilon: 0.233 | LOSE | MEMORY_SIZE: 1668SEED: 597
Episode 292/3000 | Total reward: -7.00 | Avg loss: 1276.4314 | Epsilon: 0.231 | LOSE | MEMORY_SIZE: 1676SEED: 597
Episode 293/3000 | Total reward: -1.00 | Avg loss: 1118.5150 | Epsilon: 0.230 | LOSE | MEMORY_SIZE: 1678SEED: 597
Episode 294/3000 | Total reward: -3.00 | Avg loss: 1121.2001 | Epsilon: 0.229 | LOSE | MEMORY_SIZE: 1682SEED: 597
Episode 295/3000 | Total reward: -3.00 | Avg loss: 1328.8542 | Epsilon: 0.228 | LOSE | MEMORY_SIZE: 1686SEED: 597
Episode 296/3000 | Total reward: -1.00 | Avg loss: 1277.1927 | Epsilon: 0.227 | LOSE | MEMORY_SIZE: 1698SEED: 597
Episode 297/3000 | Total reward: 31.00 | Avg loss: 1182.9202 | Epsilon: 0.226 | LOSE | MEMORY_SIZE: 1708SEED: 597
Episode 298/3000 | Total reward: 9.00 | Avg loss: 1182.3716 | Epsilon: 0.225 | LOSE | MEMORY_SIZE: 1710SEED: 597
Episode 299/3000 | Total reward: 16.00 | Avg loss: 1582.1502 | Epsilon: 0.223 | LOSE | MEMORY_SIZE: 1715SEED: 597
Episode 300/3000 | Total reward: 0.00 | Avg loss: 4168.2852 | Epsilon: 0.222 | LOSE | MEMORY_SIZE: 1716SEED: 597
--- Last 100 episodes ---
Avg reward: 7.87 | Avg loss: 1251.2818 | Win rate: 0.0% | Lose rate: 100.0%
-------------------------
Episode 301/3000 | Total reward: 8.00 | Avg loss: 1032.5035 | Epsilon: 0.221 | LOSE | MEMORY_SIZE: 1719SEED: 597
Episode 302/3000 | Total reward: 9.00 | Avg loss: 1655.8762 | Epsilon: 0.220 | LOSE | MEMORY_SIZE: 1721SEED: 597
Episode 303/3000 | Total reward: 40.00 | Avg loss: 1444.1089 | Epsilon: 0.219 | LOSE | MEMORY_SIZE: 1732SEED: 597
Episode 304/3000 | Total reward: -20.00 | Avg loss: 1271.0379 | Epsilon: 0.218 | LOSE | MEMORY_SIZE: 1773SEED: 597
Episode 305/3000 | Total reward: 25.00 | Avg loss: 1204.1651 | Epsilon: 0.217 | LOSE | MEMORY_SIZE: 1779SEED: 597
Episode 306/3000 | Total reward: 0.00 | Avg loss: 910.9458 | Epsilon: 0.216 | LOSE | MEMORY_SIZE: 1780SEED: 597
Episode 307/3000 | Total reward: 0.00 | Avg loss: 1135.6941 | Epsilon: 0.215 | LOSE | MEMORY_SIZE: 1781SEED: 597
Episode 308/3000 | Total reward: 11.00 | Avg loss: 1329.9683 | Epsilon: 0.214 | LOSE | MEMORY_SIZE: 1791SEED: 597
Episode 309/3000 | Total reward: 0.00 | Avg loss: 1036.0449 | Epsilon: 0.212 | LOSE | MEMORY_SIZE: 1792SEED: 597
Episode 310/3000 | Total reward: -8.00 | Avg loss: 1010.8557 | Epsilon: 0.211 | LOSE | MEMORY_SIZE: 1801SEED: 597
Episode 311/3000 | Total reward: 35.00 | Avg loss: 1309.7202 | Epsilon: 0.210 | LOSE | MEMORY_SIZE: 1817SEED: 597
Episode 312/3000 | Total reward: 0.00 | Avg loss: 1296.6808 | Epsilon: 0.209 | LOSE | MEMORY_SIZE: 1818SEED: 597
Episode 313/3000 | Total reward: 46.00 | Avg loss: 1299.6632 | Epsilon: 0.208 | LOSE | MEMORY_SIZE: 1843SEED: 597
Episode 314/3000 | Total reward: 57.00 | Avg loss: 1285.3300 | Epsilon: 0.207 | LOSE | MEMORY_SIZE: 1857SEED: 597
Episode 315/3000 | Total reward: -7.00 | Avg loss: 1252.1662 | Epsilon: 0.206 | LOSE | MEMORY_SIZE: 1865SEED: 597
Episode 316/3000 | Total reward: -1.00 | Avg loss: 1374.5842 | Epsilon: 0.205 | LOSE | MEMORY_SIZE: 1867SEED: 597
Episode 317/3000 | Total reward: -14.00 | Avg loss: 1146.5053 | Epsilon: 0.204 | LOSE | MEMORY_SIZE: 1902SEED: 597
Episode 318/3000 | Total reward: -5.00 | Avg loss: 1218.7234 | Epsilon: 0.203 | LOSE | MEMORY_SIZE: 1908SEED: 597
Episode 319/3000 | Total reward: -2.00 | Avg loss: 1325.0910 | Epsilon: 0.202 | LOSE | MEMORY_SIZE: 1911SEED: 597
Episode 320/3000 | Total reward: 3.00 | Avg loss: 1069.5935 | Epsilon: 0.201 | LOSE | MEMORY_SIZE: 1919SEED: 597
Episode 321/3000 | Total reward: 6.00 | Avg loss: 963.4310 | Epsilon: 0.200 | LOSE | MEMORY_SIZE: 1924SEED: 597
Episode 322/3000 | Total reward: 6.00 | Avg loss: 1288.1190 | Epsilon: 0.199 | LOSE | MEMORY_SIZE: 1929SEED: 597
Episode 323/3000 | Total reward: 110.00 | Avg loss: 1230.2690 | Epsilon: 0.198 | LOSE | MEMORY_SIZE: 1950SEED: 597
Episode 324/3000 | Total reward: -3.00 | Avg loss: 1186.8221 | Epsilon: 0.197 | LOSE | MEMORY_SIZE: 1954SEED: 597
Episode 325/3000 | Total reward: -12.00 | Avg loss: 1139.3497 | Epsilon: 0.196 | LOSE | MEMORY_SIZE: 1967SEED: 597
Episode 326/3000 | Total reward: 7.00 | Avg loss: 1571.1356 | Epsilon: 0.195 | LOSE | MEMORY_SIZE: 1981SEED: 597
Episode 327/3000 | Total reward: 8.00 | Avg loss: 1079.7568 | Epsilon: 0.194 | LOSE | MEMORY_SIZE: 1984SEED: 597
Episode 328/3000 | Total reward: 1.00 | Avg loss: 1192.3707 | Epsilon: 0.193 | LOSE | MEMORY_SIZE: 1994SEED: 597
Episode 329/3000 | Total reward: 21.00 | Avg loss: 1130.4094 | Epsilon: 0.192 | LOSE | MEMORY_SIZE: 2004SEED: 597
Episode 330/3000 | Total reward: -13.00 | Avg loss: 1171.7071 | Epsilon: 0.191 | LOSE | MEMORY_SIZE: 2028SEED: 597
Episode 331/3000 | Total reward: 12.00 | Avg loss: 1205.1394 | Epsilon: 0.190 | LOSE | MEMORY_SIZE: 2037SEED: 597
Episode 332/3000 | Total reward: -6.00 | Avg loss: 1305.7480 | Epsilon: 0.189 | LOSE | MEMORY_SIZE: 2054SEED: 597
Episode 333/3000 | Total reward: -8.00 | Avg loss: 1099.9809 | Epsilon: 0.188 | LOSE | MEMORY_SIZE: 2083SEED: 597
Episode 334/3000 | Total reward: -6.00 | Avg loss: 1170.3646 | Epsilon: 0.187 | LOSE | MEMORY_SIZE: 2100SEED: 597
Episode 335/3000 | Total reward: -2.00 | Avg loss: 1216.6182 | Epsilon: 0.187 | LOSE | MEMORY_SIZE: 2123SEED: 597
Episode 336/3000 | Total reward: 17.00 | Avg loss: 1104.5116 | Epsilon: 0.186 | LOSE | MEMORY_SIZE: 2127SEED: 597
Episode 337/3000 | Total reward: 5.00 | Avg loss: 1218.5209 | Epsilon: 0.185 | LOSE | MEMORY_SIZE: 2143SEED: 597
Episode 338/3000 | Total reward: 8.00 | Avg loss: 1387.6926 | Epsilon: 0.184 | LOSE | MEMORY_SIZE: 2146SEED: 597
Episode 339/3000 | Total reward: -42.00 | Avg loss: 1097.8731 | Epsilon: 0.183 | LOSE | MEMORY_SIZE: 2219SEED: 597
Episode 340/3000 | Total reward: 5.00 | Avg loss: 1179.8275 | Epsilon: 0.182 | LOSE | MEMORY_SIZE: 2225SEED: 597
Episode 341/3000 | Total reward: 13.00 | Avg loss: 1120.5732 | Epsilon: 0.181 | LOSE | MEMORY_SIZE: 2243SEED: 597
Episode 342/3000 | Total reward: 0.00 | Avg loss: 1216.3267 | Epsilon: 0.180 | LOSE | MEMORY_SIZE: 2244SEED: 597
Episode 343/3000 | Total reward: -2.00 | Avg loss: 1500.4153 | Epsilon: 0.179 | LOSE | MEMORY_SIZE: 2257SEED: 597
Episode 344/3000 | Total reward: -7.00 | Avg loss: 1166.4821 | Epsilon: 0.178 | LOSE | MEMORY_SIZE: 2275SEED: 597
Episode 345/3000 | Total reward: 8.00 | Avg loss: 1176.3440 | Epsilon: 0.177 | LOSE | MEMORY_SIZE: 2288SEED: 597
Episode 346/3000 | Total reward: 2.00 | Avg loss: 1218.7470 | Epsilon: 0.177 | LOSE | MEMORY_SIZE: 2297SEED: 597
Episode 347/3000 | Total reward: 0.00 | Avg loss: 1218.6521 | Epsilon: 0.176 | LOSE | MEMORY_SIZE: 2308SEED: 597
Episode 348/3000 | Total reward: -8.00 | Avg loss: 1305.1992 | Epsilon: 0.175 | LOSE | MEMORY_SIZE: 2327SEED: 597
Episode 349/3000 | Total reward: -3.00 | Avg loss: 1151.7976 | Epsilon: 0.174 | LOSE | MEMORY_SIZE: 2331SEED: 597
Episode 350/3000 | Total reward: 2.00 | Avg loss: 1044.8903 | Epsilon: 0.173 | LOSE | MEMORY_SIZE: 2360SEED: 597
Episode 351/3000 | Total reward: 6.00 | Avg loss: 1108.8671 | Epsilon: 0.172 | LOSE | MEMORY_SIZE: 2365SEED: 597
Episode 352/3000 | Total reward: 7.00 | Avg loss: 2187.0742 | Epsilon: 0.171 | LOSE | MEMORY_SIZE: 2369SEED: 597
Episode 353/3000 | Total reward: -17.00 | Avg loss: 1439.4865 | Epsilon: 0.170 | LOSE | MEMORY_SIZE: 2397SEED: 597
Episode 354/3000 | Total reward: -6.00 | Avg loss: 1309.7582 | Epsilon: 0.170 | LOSE | MEMORY_SIZE: 2424SEED: 597
Episode 355/3000 | Total reward: 0.00 | Avg loss: 1105.9349 | Epsilon: 0.169 | LOSE | MEMORY_SIZE: 2425SEED: 597
Episode 356/3000 | Total reward: 7.00 | Avg loss: 1217.2894 | Epsilon: 0.168 | LOSE | MEMORY_SIZE: 2429SEED: 597
Episode 357/3000 | Total reward: -4.00 | Avg loss: 1439.8478 | Epsilon: 0.167 | LOSE | MEMORY_SIZE: 2434SEED: 597
Episode 358/3000 | Total reward: 0.00 | Avg loss: 1310.6310 | Epsilon: 0.166 | LOSE | MEMORY_SIZE: 2435SEED: 597
Episode 359/3000 | Total reward: -2.00 | Avg loss: 1167.9838 | Epsilon: 0.165 | LOSE | MEMORY_SIZE: 2438SEED: 597
Episode 360/3000 | Total reward: 0.00 | Avg loss: 669.2957 | Epsilon: 0.165 | LOSE | MEMORY_SIZE: 2439SEED: 597
Episode 361/3000 | Total reward: 8.00 | Avg loss: 1384.5786 | Epsilon: 0.164 | LOSE | MEMORY_SIZE: 2442SEED: 597
Episode 362/3000 | Total reward: 7.00 | Avg loss: 1370.6128 | Epsilon: 0.163 | LOSE | MEMORY_SIZE: 2446SEED: 597
Episode 363/3000 | Total reward: 8.00 | Avg loss: 1287.5475 | Epsilon: 0.162 | LOSE | MEMORY_SIZE: 2449SEED: 597
Episode 364/3000 | Total reward: -10.00 | Avg loss: 1348.6770 | Epsilon: 0.161 | LOSE | MEMORY_SIZE: 2480SEED: 597
Episode 365/3000 | Total reward: 0.00 | Avg loss: 1356.1599 | Epsilon: 0.160 | LOSE | MEMORY_SIZE: 2481SEED: 597
Episode 366/3000 | Total reward: 9.00 | Avg loss: 1275.0132 | Epsilon: 0.160 | LOSE | MEMORY_SIZE: 2483SEED: 597
Episode 367/3000 | Total reward: 9.00 | Avg loss: 1177.5895 | Epsilon: 0.159 | LOSE | MEMORY_SIZE: 2485SEED: 597
Episode 368/3000 | Total reward: -2.00 | Avg loss: 1231.5313 | Epsilon: 0.158 | LOSE | MEMORY_SIZE: 2498SEED: 597
Episode 369/3000 | Total reward: 9.00 | Avg loss: 1380.1488 | Epsilon: 0.157 | LOSE | MEMORY_SIZE: 2500SEED: 597
Episode 370/3000 | Total reward: 8.00 | Avg loss: 1332.3937 | Epsilon: 0.157 | LOSE | MEMORY_SIZE: 2503SEED: 597
Episode 371/3000 | Total reward: 3.00 | Avg loss: 1338.3126 | Epsilon: 0.156 | LOSE | MEMORY_SIZE: 2511SEED: 597
Episode 372/3000 | Total reward: 0.00 | Avg loss: 1438.5481 | Epsilon: 0.155 | LOSE | MEMORY_SIZE: 2512SEED: 597
Episode 373/3000 | Total reward: 0.00 | Avg loss: 1394.0164 | Epsilon: 0.154 | LOSE | MEMORY_SIZE: 2523SEED: 597
Episode 374/3000 | Total reward: 3.00 | Avg loss: 1331.9033 | Epsilon: 0.153 | LOSE | MEMORY_SIZE: 2541SEED: 597
Episode 375/3000 | Total reward: -3.00 | Avg loss: 1356.0818 | Epsilon: 0.153 | LOSE | MEMORY_SIZE: 2555SEED: 597
Episode 376/3000 | Total reward: -13.00 | Avg loss: 1391.9628 | Epsilon: 0.152 | LOSE | MEMORY_SIZE: 2579SEED: 597
Episode 377/3000 | Total reward: -1.00 | Avg loss: 1089.4172 | Epsilon: 0.151 | LOSE | MEMORY_SIZE: 2581SEED: 597
Episode 378/3000 | Total reward: 1.00 | Avg loss: 1279.4495 | Epsilon: 0.150 | LOSE | MEMORY_SIZE: 2591SEED: 597
Episode 379/3000 | Total reward: -2.00 | Avg loss: 1091.4286 | Epsilon: 0.150 | LOSE | MEMORY_SIZE: 2594SEED: 597
Episode 380/3000 | Total reward: -4.00 | Avg loss: 1269.3754 | Epsilon: 0.149 | LOSE | MEMORY_SIZE: 2599SEED: 597
Episode 381/3000 | Total reward: 8.00 | Avg loss: 1317.2176 | Epsilon: 0.148 | LOSE | MEMORY_SIZE: 2602SEED: 597
Episode 382/3000 | Total reward: -5.00 | Avg loss: 2734.2582 | Epsilon: 0.147 | LOSE | MEMORY_SIZE: 2608SEED: 597
Episode 383/3000 | Total reward: -25.00 | Avg loss: 1588.6983 | Epsilon: 0.147 | LOSE | MEMORY_SIZE: 2644SEED: 597
Episode 384/3000 | Total reward: -27.00 | Avg loss: 1393.3548 | Epsilon: 0.146 | LOSE | MEMORY_SIZE: 2702SEED: 597
Episode 385/3000 | Total reward: -5.00 | Avg loss: 1267.4446 | Epsilon: 0.145 | LOSE | MEMORY_SIZE: 2708SEED: 597
Episode 386/3000 | Total reward: -1.00 | Avg loss: 1357.6859 | Epsilon: 0.144 | LOSE | MEMORY_SIZE: 2720SEED: 597
Episode 387/3000 | Total reward: -14.00 | Avg loss: 1398.9675 | Epsilon: 0.144 | LOSE | MEMORY_SIZE: 2745SEED: 597
Episode 388/3000 | Total reward: -7.00 | Avg loss: 1544.8164 | Epsilon: 0.143 | LOSE | MEMORY_SIZE: 2753SEED: 597
Episode 389/3000 | Total reward: -12.00 | Avg loss: 1417.3810 | Epsilon: 0.142 | LOSE | MEMORY_SIZE: 2766SEED: 597
Episode 390/3000 | Total reward: -8.00 | Avg loss: 1326.6229 | Epsilon: 0.142 | LOSE | MEMORY_SIZE: 2795SEED: 597
Episode 391/3000 | Total reward: -3.00 | Avg loss: 1349.0372 | Epsilon: 0.141 | LOSE | MEMORY_SIZE: 2809SEED: 597
Episode 392/3000 | Total reward: 1.00 | Avg loss: 1790.3512 | Epsilon: 0.140 | LOSE | MEMORY_SIZE: 2819SEED: 597
Episode 393/3000 | Total reward: -1.00 | Avg loss: 1655.2352 | Epsilon: 0.139 | LOSE | MEMORY_SIZE: 2831SEED: 597
Episode 394/3000 | Total reward: -19.00 | Avg loss: 1335.1957 | Epsilon: 0.139 | LOSE | MEMORY_SIZE: 2851SEED: 597
Episode 395/3000 | Total reward: -7.00 | Avg loss: 1370.8151 | Epsilon: 0.138 | LOSE | MEMORY_SIZE: 2859SEED: 597
Episode 396/3000 | Total reward: -5.00 | Avg loss: 1623.4573 | Epsilon: 0.137 | LOSE | MEMORY_SIZE: 2865SEED: 597
Episode 397/3000 | Total reward: -19.00 | Avg loss: 1641.5700 | Epsilon: 0.137 | LOSE | MEMORY_SIZE: 2895SEED: 597
Episode 398/3000 | Total reward: 6.00 | Avg loss: 1320.8686 | Epsilon: 0.136 | LOSE | MEMORY_SIZE: 2900SEED: 597
Episode 399/3000 | Total reward: 7.00 | Avg loss: 1301.2742 | Epsilon: 0.135 | LOSE | MEMORY_SIZE: 2904SEED: 597
Episode 400/3000 | Total reward: -2.00 | Avg loss: 1465.4218 | Epsilon: 0.135 | LOSE | MEMORY_SIZE: 2907SEED: 597
--- Last 100 episodes ---
Avg reward: 1.79 | Avg loss: 1299.4892 | Win rate: 0.0% | Lose rate: 100.0%
-------------------------
Episode 401/3000 | Total reward: -2.00 | Avg loss: 1192.7652 | Epsilon: 0.134 | LOSE | MEMORY_SIZE: 2910SEED: 597
Episode 402/3000 | Total reward: 19.00 | Avg loss: 1460.0837 | Epsilon: 0.133 | LOSE | MEMORY_SIZE: 2952SEED: 597
Episode 403/3000 | Total reward: -11.00 | Avg loss: 1613.3218 | Epsilon: 0.133 | LOSE | MEMORY_SIZE: 2964SEED: 597
Episode 404/3000 | Total reward: 2.00 | Avg loss: 1512.0164 | Epsilon: 0.132 | LOSE | MEMORY_SIZE: 2973SEED: 597
Episode 405/3000 | Total reward: 0.00 | Avg loss: 1505.2178 | Epsilon: 0.131 | LOSE | MEMORY_SIZE: 2974SEED: 597
Episode 406/3000 | Total reward: 0.00 | Avg loss: 1716.4675 | Epsilon: 0.131 | LOSE | MEMORY_SIZE: 2975SEED: 597
Episode 407/3000 | Total reward: 0.00 | Avg loss: 1049.3972 | Epsilon: 0.130 | LOSE | MEMORY_SIZE: 2976SEED: 597
Episode 408/3000 | Total reward: 0.00 | Avg loss: 1755.7240 | Epsilon: 0.129 | LOSE | MEMORY_SIZE: 2977SEED: 597
Episode 409/3000 | Total reward: 9.00 | Avg loss: 1562.8519 | Epsilon: 0.129 | LOSE | MEMORY_SIZE: 2979SEED: 597
Episode 410/3000 | Total reward: 0.00 | Avg loss: 1461.1617 | Epsilon: 0.128 | LOSE | MEMORY_SIZE: 2980SEED: 597
Episode 411/3000 | Total reward: 0.00 | Avg loss: 1671.7574 | Epsilon: 0.127 | LOSE | MEMORY_SIZE: 2981SEED: 597
Episode 412/3000 | Total reward: -7.00 | Avg loss: 1581.6144 | Epsilon: 0.127 | LOSE | MEMORY_SIZE: 3009SEED: 597
Episode 413/3000 | Total reward: 0.00 | Avg loss: 1036.9609 | Epsilon: 0.126 | LOSE | MEMORY_SIZE: 3010SEED: 597
Episode 414/3000 | Total reward: -10.00 | Avg loss: 1645.8708 | Epsilon: 0.126 | LOSE | MEMORY_SIZE: 3041SEED: 597
Episode 415/3000 | Total reward: 63.00 | Avg loss: 1523.7712 | Epsilon: 0.125 | LOSE | MEMORY_SIZE: 3109SEED: 597
Episode 416/3000 | Total reward: -6.00 | Avg loss: 1419.0412 | Epsilon: 0.124 | LOSE | MEMORY_SIZE: 3116SEED: 597
Episode 417/3000 | Total reward: -9.00 | Avg loss: 1395.8938 | Epsilon: 0.124 | LOSE | MEMORY_SIZE: 3136SEED: 597
Episode 418/3000 | Total reward: -23.00 | Avg loss: 1479.5567 | Epsilon: 0.123 | LOSE | MEMORY_SIZE: 3160SEED: 597
Episode 419/3000 | Total reward: -5.00 | Avg loss: 1343.1538 | Epsilon: 0.122 | LOSE | MEMORY_SIZE: 3166SEED: 597
Episode 420/3000 | Total reward: 4.00 | Avg loss: 1296.1591 | Epsilon: 0.122 | LOSE | MEMORY_SIZE: 3173SEED: 597
Episode 421/3000 | Total reward: -17.00 | Avg loss: 1250.4070 | Epsilon: 0.121 | LOSE | MEMORY_SIZE: 3191SEED: 597
Episode 422/3000 | Total reward: -47.00 | Avg loss: 1736.6594 | Epsilon: 0.121 | LOSE | MEMORY_SIZE: 3269SEED: 597
Episode 423/3000 | Total reward: -21.00 | Avg loss: 1343.7025 | Epsilon: 0.120 | LOSE | MEMORY_SIZE: 3301SEED: 597
Episode 424/3000 | Total reward: 0.00 | Avg loss: 2442.8608 | Epsilon: 0.119 | LOSE | MEMORY_SIZE: 3302SEED: 597
Episode 425/3000 | Total reward: -22.00 | Avg loss: 1517.6629 | Epsilon: 0.119 | LOSE | MEMORY_SIZE: 3345SEED: 597
Episode 426/3000 | Total reward: -6.00 | Avg loss: 1372.8165 | Epsilon: 0.118 | LOSE | MEMORY_SIZE: 3352SEED: 597
Episode 427/3000 | Total reward: 12.00 | Avg loss: 1476.8318 | Epsilon: 0.118 | LOSE | MEMORY_SIZE: 3381SEED: 597
Episode 428/3000 | Total reward: 2.00 | Avg loss: 1321.5738 | Epsilon: 0.117 | LOSE | MEMORY_SIZE: 3390SEED: 597
Episode 429/3000 | Total reward: -33.00 | Avg loss: 1544.1472 | Epsilon: 0.116 | LOSE | MEMORY_SIZE: 3434SEED: 597
Episode 430/3000 | Total reward: -16.00 | Avg loss: 1549.1955 | Epsilon: 0.116 | LOSE | MEMORY_SIZE: 3451SEED: 597
Episode 431/3000 | Total reward: 98.00 | Avg loss: 1510.4701 | Epsilon: 0.115 | LOSE | MEMORY_SIZE: 3544SEED: 597
Episode 432/3000 | Total reward: -2.00 | Avg loss: 2042.7079 | Epsilon: 0.115 | LOSE | MEMORY_SIZE: 3547SEED: 597
Episode 433/3000 | Total reward: -2.00 | Avg loss: 2126.2047 | Epsilon: 0.114 | LOSE | MEMORY_SIZE: 3550SEED: 597
Episode 434/3000 | Total reward: -27.00 | Avg loss: 1664.1143 | Epsilon: 0.114 | LOSE | MEMORY_SIZE: 3598SEED: 597
Episode 435/3000 | Total reward: 57.00 | Avg loss: 1552.3660 | Epsilon: 0.113 | LOSE | MEMORY_SIZE: 3622SEED: 597
Episode 436/3000 | Total reward: 5.00 | Avg loss: 1673.9708 | Epsilon: 0.112 | LOSE | MEMORY_SIZE: 3648SEED: 597
Episode 437/3000 | Total reward: -7.00 | Avg loss: 1475.7768 | Epsilon: 0.112 | LOSE | MEMORY_SIZE: 3656SEED: 597
Episode 438/3000 | Total reward: -2.00 | Avg loss: 1417.7969 | Epsilon: 0.111 | LOSE | MEMORY_SIZE: 3659SEED: 597
Episode 439/3000 | Total reward: -5.00 | Avg loss: 1698.4592 | Epsilon: 0.111 | LOSE | MEMORY_SIZE: 3695SEED: 597
Episode 440/3000 | Total reward: -7.00 | Avg loss: 1376.6954 | Epsilon: 0.110 | LOSE | MEMORY_SIZE: 3703SEED: 597
Episode 441/3000 | Total reward: -28.00 | Avg loss: 1417.8752 | Epsilon: 0.110 | LOSE | MEMORY_SIZE: 3732SEED: 597
Episode 442/3000 | Total reward: -6.00 | Avg loss: 1844.3425 | Epsilon: 0.109 | LOSE | MEMORY_SIZE: 3739SEED: 597
Episode 443/3000 | Total reward: 8.00 | Avg loss: 1444.2575 | Epsilon: 0.109 | LOSE | MEMORY_SIZE: 3742SEED: 597
Episode 444/3000 | Total reward: -3.00 | Avg loss: 1782.1787 | Epsilon: 0.108 | LOSE | MEMORY_SIZE: 3756SEED: 597
Episode 445/3000 | Total reward: -25.00 | Avg loss: 1476.2084 | Epsilon: 0.107 | LOSE | MEMORY_SIZE: 3782SEED: 597
Episode 446/3000 | Total reward: -5.00 | Avg loss: 1536.6794 | Epsilon: 0.107 | LOSE | MEMORY_SIZE: 3798SEED: 597
Episode 447/3000 | Total reward: 1.00 | Avg loss: 1513.1904 | Epsilon: 0.106 | LOSE | MEMORY_SIZE: 3818SEED: 597
Episode 448/3000 | Total reward: 1.00 | Avg loss: 1511.6051 | Epsilon: 0.106 | LOSE | MEMORY_SIZE: 3828SEED: 597
Episode 449/3000 | Total reward: 0.00 | Avg loss: 1598.2049 | Epsilon: 0.105 | LOSE | MEMORY_SIZE: 3839SEED: 597
Episode 450/3000 | Total reward: 84.00 | Avg loss: 1580.0557 | Epsilon: 0.105 | LOSE | MEMORY_SIZE: 3906SEED: 597
Episode 451/3000 | Total reward: -1.00 | Avg loss: 1559.7906 | Epsilon: 0.104 | LOSE | MEMORY_SIZE: 3908SEED: 597
Episode 452/3000 | Total reward: -26.00 | Avg loss: 2013.3454 | Epsilon: 0.104 | LOSE | MEMORY_SIZE: 3935SEED: 597
Episode 453/3000 | Total reward: -2.00 | Avg loss: 2624.2565 | Epsilon: 0.103 | LOSE | MEMORY_SIZE: 3938SEED: 597
Episode 454/3000 | Total reward: 1.00 | Avg loss: 1792.9660 | Epsilon: 0.103 | LOSE | MEMORY_SIZE: 3948SEED: 597
Episode 455/3000 | Total reward: -11.00 | Avg loss: 1985.0238 | Epsilon: 0.102 | LOSE | MEMORY_SIZE: 3960SEED: 597
Episode 456/3000 | Total reward: -67.00 | Avg loss: 1804.6130 | Epsilon: 0.102 | LOSE | MEMORY_SIZE: 4038SEED: 597
Episode 457/3000 | Total reward: -32.00 | Avg loss: 1811.1009 | Epsilon: 0.101 | LOSE | MEMORY_SIZE: 4201SEED: 597
Episode 458/3000 | Total reward: -36.00 | Avg loss: 1796.6882 | Epsilon: 0.101 | LOSE | MEMORY_SIZE: 4248SEED: 597
Episode 459/3000 | Total reward: 30.00 | Avg loss: 1710.3231 | Epsilon: 0.100 | LOSE | MEMORY_SIZE: 4289SEED: 597
Episode 460/3000 | Total reward: -8.00 | Avg loss: 1513.1508 | Epsilon: 0.100 | LOSE | MEMORY_SIZE: 4298SEED: 597
Episode 461/3000 | Total reward: 70.00 | Avg loss: 1889.9391 | Epsilon: 0.099 | LOSE | MEMORY_SIZE: 4319SEED: 597
Episode 462/3000 | Total reward: -16.00 | Avg loss: 2228.7937 | Epsilon: 0.099 | LOSE | MEMORY_SIZE: 4336SEED: 597
Episode 463/3000 | Total reward: 1.00 | Avg loss: 1798.2018 | Epsilon: 0.098 | LOSE | MEMORY_SIZE: 4346SEED: 597
Episode 464/3000 | Total reward: -45.00 | Avg loss: 2077.2806 | Epsilon: 0.098 | LOSE | MEMORY_SIZE: 4402SEED: 597
Episode 465/3000 | Total reward: 0.00 | Avg loss: 950.9211 | Epsilon: 0.097 | LOSE | MEMORY_SIZE: 4403SEED: 597
Episode 466/3000 | Total reward: 6.00 | Avg loss: 1766.0987 | Epsilon: 0.097 | LOSE | MEMORY_SIZE: 4418SEED: 597
Episode 467/3000 | Total reward: 3.00 | Avg loss: 1790.6399 | Epsilon: 0.096 | LOSE | MEMORY_SIZE: 4426SEED: 597
Episode 468/3000 | Total reward: 19.00 | Avg loss: 2008.4754 | Epsilon: 0.096 | LOSE | MEMORY_SIZE: 4458SEED: 597
Episode 469/3000 | Total reward: 2.00 | Avg loss: 2385.7332 | Epsilon: 0.095 | LOSE | MEMORY_SIZE: 4477SEED: 597
Episode 470/3000 | Total reward: -22.00 | Avg loss: 2218.9838 | Epsilon: 0.095 | LOSE | MEMORY_SIZE: 4500SEED: 597
Episode 471/3000 | Total reward: -1.00 | Avg loss: 1362.7575 | Epsilon: 0.094 | LOSE | MEMORY_SIZE: 4502SEED: 597
Episode 472/3000 | Total reward: -7.00 | Avg loss: 2197.4975 | Epsilon: 0.094 | LOSE | MEMORY_SIZE: 4510SEED: 597
Episode 473/3000 | Total reward: 129.00 | Avg loss: 1972.8913 | Epsilon: 0.093 | LOSE | MEMORY_SIZE: 4572SEED: 597
Episode 474/3000 | Total reward: -13.00 | Avg loss: 2011.8442 | Epsilon: 0.093 | LOSE | MEMORY_SIZE: 4586SEED: 597
Episode 475/3000 | Total reward: -4.00 | Avg loss: 2047.4453 | Epsilon: 0.092 | LOSE | MEMORY_SIZE: 4591SEED: 597
Episode 476/3000 | Total reward: 14.00 | Avg loss: 2063.3827 | Epsilon: 0.092 | LOSE | MEMORY_SIZE: 4618SEED: 597
Episode 477/3000 | Total reward: -17.00 | Avg loss: 2177.6006 | Epsilon: 0.092 | LOSE | MEMORY_SIZE: 4656SEED: 597
Episode 478/3000 | Total reward: -30.00 | Avg loss: 1881.8798 | Epsilon: 0.091 | LOSE | MEMORY_SIZE: 4697SEED: 597
Episode 479/3000 | Total reward: -18.00 | Avg loss: 2336.1959 | Epsilon: 0.091 | LOSE | MEMORY_SIZE: 4716SEED: 597
Episode 480/3000 | Total reward: -3.00 | Avg loss: 1899.2397 | Epsilon: 0.090 | LOSE | MEMORY_SIZE: 4720SEED: 597
Episode 481/3000 | Total reward: -23.00 | Avg loss: 1952.4797 | Epsilon: 0.090 | LOSE | MEMORY_SIZE: 4744SEED: 597
Episode 482/3000 | Total reward: -3.00 | Avg loss: 2015.4309 | Epsilon: 0.089 | LOSE | MEMORY_SIZE: 4748SEED: 597
Episode 483/3000 | Total reward: -20.00 | Avg loss: 2175.3494 | Epsilon: 0.089 | LOSE | MEMORY_SIZE: 4779SEED: 597
Episode 484/3000 | Total reward: 0.00 | Avg loss: 2176.6875 | Epsilon: 0.088 | LOSE | MEMORY_SIZE: 4780SEED: 597
Episode 485/3000 | Total reward: -6.00 | Avg loss: 2032.0534 | Epsilon: 0.088 | LOSE | MEMORY_SIZE: 4787SEED: 597
Episode 486/3000 | Total reward: 12.00 | Avg loss: 2045.5092 | Epsilon: 0.088 | LOSE | MEMORY_SIZE: 4816SEED: 597
Episode 487/3000 | Total reward: -3.00 | Avg loss: 2500.8145 | Epsilon: 0.087 | LOSE | MEMORY_SIZE: 4820SEED: 597
Episode 488/3000 | Total reward: -35.00 | Avg loss: 2165.1778 | Epsilon: 0.087 | LOSE | MEMORY_SIZE: 4856SEED: 597
Episode 489/3000 | Total reward: -13.00 | Avg loss: 2345.6514 | Epsilon: 0.086 | LOSE | MEMORY_SIZE: 4870SEED: 597
Episode 490/3000 | Total reward: 15.00 | Avg loss: 2057.1165 | Epsilon: 0.086 | LOSE | MEMORY_SIZE: 4986SEED: 597
Episode 491/3000 | Total reward: 13.00 | Avg loss: 2007.8195 | Epsilon: 0.085 | LOSE | MEMORY_SIZE: 4994SEED: 597
Episode 492/3000 | Total reward: -11.00 | Avg loss: 1940.3455 | Epsilon: 0.085 | LOSE | MEMORY_SIZE: 5006SEED: 597
Episode 493/3000 | Total reward: -43.00 | Avg loss: 2237.1404 | Epsilon: 0.084 | LOSE | MEMORY_SIZE: 5050SEED: 597
Episode 494/3000 | Total reward: -20.00 | Avg loss: 2135.2561 | Epsilon: 0.084 | LOSE | MEMORY_SIZE: 5091SEED: 597
Episode 495/3000 | Total reward: -10.00 | Avg loss: 2101.7025 | Epsilon: 0.084 | LOSE | MEMORY_SIZE: 5102SEED: 597
Episode 496/3000 | Total reward: -4.00 | Avg loss: 2645.5814 | Epsilon: 0.083 | LOSE | MEMORY_SIZE: 5107SEED: 597
Episode 497/3000 | Total reward: -24.00 | Avg loss: 2138.3533 | Epsilon: 0.083 | LOSE | MEMORY_SIZE: 5132SEED: 597
Episode 498/3000 | Total reward: -4.00 | Avg loss: 1781.4454 | Epsilon: 0.082 | LOSE | MEMORY_SIZE: 5137SEED: 597
Episode 499/3000 | Total reward: -14.00 | Avg loss: 1864.7799 | Epsilon: 0.082 | LOSE | MEMORY_SIZE: 5152SEED: 597
Episode 500/3000 | Total reward: -35.00 | Avg loss: 2207.2066 | Epsilon: 0.082 | LOSE | MEMORY_SIZE: 5188SEED: 597
--- Last 100 episodes ---
Avg reward: -3.01 | Avg loss: 1772.2477 | Win rate: 0.0% | Lose rate: 100.0%
-------------------------
Episode 501/3000 | Total reward: 13.00 | Avg loss: 2047.9567 | Epsilon: 0.081 | LOSE | MEMORY_SIZE: 5226SEED: 598
Episode 502/3000 | Total reward: -5.00 | Avg loss: 2275.7480 | Epsilon: 0.081 | LOSE | MEMORY_SIZE: 5242SEED: 598
Episode 503/3000 | Total reward: -40.00 | Avg loss: 2057.4509 | Epsilon: 0.080 | LOSE | MEMORY_SIZE: 5293SEED: 598
Episode 504/3000 | Total reward: 0.00 | Avg loss: 1711.0190 | Epsilon: 0.080 | LOSE | MEMORY_SIZE: 5294SEED: 598
Episode 505/3000 | Total reward: -58.00 | Avg loss: 2092.1077 | Epsilon: 0.080 | LOSE | MEMORY_SIZE: 5363SEED: 598
Episode 506/3000 | Total reward: -29.00 | Avg loss: 2041.0043 | Epsilon: 0.079 | LOSE | MEMORY_SIZE: 5393SEED: 598
Episode 507/3000 | Total reward: -17.00 | Avg loss: 2071.8769 | Epsilon: 0.079 | LOSE | MEMORY_SIZE: 5431SEED: 598
Episode 508/3000 | Total reward: -72.00 | Avg loss: 2009.0506 | Epsilon: 0.078 | LOSE | MEMORY_SIZE: 5524SEED: 598
Episode 509/3000 | Total reward: 0.00 | Avg loss: 2009.1578 | Epsilon: 0.078 | LOSE | MEMORY_SIZE: 5525SEED: 598
Episode 510/3000 | Total reward: -81.00 | Avg loss: 2047.7760 | Epsilon: 0.078 | LOSE | MEMORY_SIZE: 5647SEED: 598
Episode 511/3000 | Total reward: -20.00 | Avg loss: 1934.0935 | Epsilon: 0.077 | LOSE | MEMORY_SIZE: 5688SEED: 598
Episode 512/3000 | Total reward: -40.00 | Avg loss: 2419.3352 | Epsilon: 0.077 | LOSE | MEMORY_SIZE: 5729SEED: 598
Episode 513/3000 | Total reward: 0.00 | Avg loss: 2392.7678 | Epsilon: 0.076 | LOSE | MEMORY_SIZE: 5730SEED: 598
Episode 514/3000 | Total reward: 9.00 | Avg loss: 1998.3348 | Epsilon: 0.076 | LOSE | MEMORY_SIZE: 5732SEED: 598
Episode 515/3000 | Total reward: 0.00 | Avg loss: 2587.4832 | Epsilon: 0.076 | LOSE | MEMORY_SIZE: 5733SEED: 598
Episode 516/3000 | Total reward: 0.00 | Avg loss: 2129.6052 | Epsilon: 0.075 | LOSE | MEMORY_SIZE: 5734SEED: 598
Episode 517/3000 | Total reward: 0.00 | Avg loss: 3096.4673 | Epsilon: 0.075 | LOSE | MEMORY_SIZE: 5735SEED: 598
Episode 518/3000 | Total reward: 0.00 | Avg loss: 1749.7144 | Epsilon: 0.075 | LOSE | MEMORY_SIZE: 5736SEED: 598
Episode 519/3000 | Total reward: 0.00 | Avg loss: 1643.5398 | Epsilon: 0.074 | LOSE | MEMORY_SIZE: 5737SEED: 598
Episode 520/3000 | Total reward: 0.00 | Avg loss: 2474.7427 | Epsilon: 0.074 | LOSE | MEMORY_SIZE: 5738SEED: 598
Episode 521/3000 | Total reward: 0.00 | Avg loss: 2167.8945 | Epsilon: 0.073 | LOSE | MEMORY_SIZE: 5739SEED: 598
Episode 522/3000 | Total reward: 0.00 | Avg loss: 3777.0684 | Epsilon: 0.073 | LOSE | MEMORY_SIZE: 5740SEED: 598
Episode 523/3000 | Total reward: 0.00 | Avg loss: 5000.2998 | Epsilon: 0.073 | LOSE | MEMORY_SIZE: 5741SEED: 598
Episode 524/3000 | Total reward: 9.00 | Avg loss: 3738.4490 | Epsilon: 0.072 | LOSE | MEMORY_SIZE: 5743SEED: 598
Episode 525/3000 | Total reward: 2.00 | Avg loss: 2538.1247 | Epsilon: 0.072 | LOSE | MEMORY_SIZE: 5762SEED: 598
Episode 526/3000 | Total reward: -15.00 | Avg loss: 2030.7334 | Epsilon: 0.072 | LOSE | MEMORY_SIZE: 5778SEED: 598
Episode 527/3000 | Total reward: -33.00 | Avg loss: 2087.9159 | Epsilon: 0.071 | LOSE | MEMORY_SIZE: 5852SEED: 598
Episode 528/3000 | Total reward: 17.00 | Avg loss: 1991.9143 | Epsilon: 0.071 | LOSE | MEMORY_SIZE: 5886SEED: 598
Episode 529/3000 | Total reward: -4.00 | Avg loss: 1734.2011 | Epsilon: 0.071 | LOSE | MEMORY_SIZE: 5891SEED: 598
Episode 530/3000 | Total reward: -5.00 | Avg loss: 1914.8900 | Epsilon: 0.070 | LOSE | MEMORY_SIZE: 5897SEED: 598
Episode 531/3000 | Total reward: 35.00 | Avg loss: 1996.8126 | Epsilon: 0.070 | LOSE | MEMORY_SIZE: 5923SEED: 598
Episode 532/3000 | Total reward: -17.00 | Avg loss: 2223.6927 | Epsilon: 0.069 | LOSE | MEMORY_SIZE: 5941SEED: 598
Episode 533/3000 | Total reward: 6.00 | Avg loss: 2201.0154 | Epsilon: 0.069 | LOSE | MEMORY_SIZE: 5976SEED: 598
Episode 534/3000 | Total reward: -32.00 | Avg loss: 2087.8565 | Epsilon: 0.069 | LOSE | MEMORY_SIZE: 6009SEED: 598
Episode 535/3000 | Total reward: -23.00 | Avg loss: 2038.6747 | Epsilon: 0.068 | LOSE | MEMORY_SIZE: 6043SEED: 598
Episode 536/3000 | Total reward: -17.00 | Avg loss: 2188.3888 | Epsilon: 0.068 | LOSE | MEMORY_SIZE: 6061SEED: 598
Episode 537/3000 | Total reward: -14.00 | Avg loss: 2129.3170 | Epsilon: 0.068 | LOSE | MEMORY_SIZE: 6076SEED: 598
Episode 538/3000 | Total reward: -26.00 | Avg loss: 1900.0016 | Epsilon: 0.067 | LOSE | MEMORY_SIZE: 6113SEED: 598
Episode 539/3000 | Total reward: -68.00 | Avg loss: 1957.3884 | Epsilon: 0.067 | LOSE | MEMORY_SIZE: 6212SEED: 598
Episode 540/3000 | Total reward: 5.00 | Avg loss: 1868.6433 | Epsilon: 0.067 | LOSE | MEMORY_SIZE: 6218SEED: 598
Episode 541/3000 | Total reward: -4.00 | Avg loss: 1730.4572 | Epsilon: 0.066 | LOSE | MEMORY_SIZE: 6223SEED: 598
Episode 542/3000 | Total reward: -27.00 | Avg loss: 2747.7203 | Epsilon: 0.066 | LOSE | MEMORY_SIZE: 6251SEED: 598
Episode 543/3000 | Total reward: -20.00 | Avg loss: 2211.3535 | Epsilon: 0.066 | LOSE | MEMORY_SIZE: 6272SEED: 598
Episode 544/3000 | Total reward: -30.00 | Avg loss: 2157.5823 | Epsilon: 0.065 | LOSE | MEMORY_SIZE: 6313SEED: 598
Episode 545/3000 | Total reward: -8.00 | Avg loss: 2074.0633 | Epsilon: 0.065 | LOSE | MEMORY_SIZE: 6322SEED: 598
Episode 546/3000 | Total reward: -9.00 | Avg loss: 2035.3893 | Epsilon: 0.065 | LOSE | MEMORY_SIZE: 6352SEED: 598
Episode 547/3000 | Total reward: -12.00 | Avg loss: 1872.9671 | Epsilon: 0.064 | LOSE | MEMORY_SIZE: 6365SEED: 598
Episode 548/3000 | Total reward: 0.00 | Avg loss: 1921.6099 | Epsilon: 0.064 | LOSE | MEMORY_SIZE: 6366SEED: 598
Episode 549/3000 | Total reward: -6.00 | Avg loss: 2188.4940 | Epsilon: 0.064 | LOSE | MEMORY_SIZE: 6373SEED: 598
Episode 550/3000 | Total reward: -26.00 | Avg loss: 2049.5239 | Epsilon: 0.063 | LOSE | MEMORY_SIZE: 6400SEED: 598
Episode 551/3000 | Total reward: -8.00 | Avg loss: 2201.8608 | Epsilon: 0.063 | LOSE | MEMORY_SIZE: 6419SEED: 598
Episode 552/3000 | Total reward: -19.00 | Avg loss: 2406.9000 | Epsilon: 0.063 | LOSE | MEMORY_SIZE: 6439SEED: 598
Episode 553/3000 | Total reward: -5.00 | Avg loss: 2531.1906 | Epsilon: 0.063 | LOSE | MEMORY_SIZE: 6455SEED: 598
Episode 554/3000 | Total reward: 79.00 | Avg loss: 2266.9181 | Epsilon: 0.062 | LOSE | MEMORY_SIZE: 6517SEED: 598
Episode 555/3000 | Total reward: -110.00 | Avg loss: 2095.7019 | Epsilon: 0.062 | LOSE | MEMORY_SIZE: 6648SEED: 598
Episode 556/3000 | Total reward: -58.00 | Avg loss: 2256.8516 | Epsilon: 0.062 | LOSE | MEMORY_SIZE: 6727SEED: 598
Episode 557/3000 | Total reward: -3.00 | Avg loss: 2135.0836 | Epsilon: 0.061 | LOSE | MEMORY_SIZE: 6731SEED: 598
Episode 558/3000 | Total reward: -3.00 | Avg loss: 1811.1610 | Epsilon: 0.061 | LOSE | MEMORY_SIZE: 6735SEED: 598
Episode 559/3000 | Total reward: -46.00 | Avg loss: 1955.1498 | Epsilon: 0.061 | LOSE | MEMORY_SIZE: 6792SEED: 598
Episode 560/3000 | Total reward: -41.00 | Avg loss: 2171.6820 | Epsilon: 0.060 | LOSE | MEMORY_SIZE: 6844SEED: 598
Episode 561/3000 | Total reward: -6.00 | Avg loss: 2115.0097 | Epsilon: 0.060 | LOSE | MEMORY_SIZE: 6861SEED: 598
Episode 562/3000 | Total reward: -14.00 | Avg loss: 2575.6836 | Epsilon: 0.060 | LOSE | MEMORY_SIZE: 6876SEED: 598
Episode 563/3000 | Total reward: 1.00 | Avg loss: 2420.6910 | Epsilon: 0.059 | LOSE | MEMORY_SIZE: 6896SEED: 598
Episode 564/3000 | Total reward: -75.00 | Avg loss: 2330.4402 | Epsilon: 0.059 | LOSE | MEMORY_SIZE: 6992SEED: 598
Episode 565/3000 | Total reward: 0.00 | Avg loss: 2826.7319 | Epsilon: 0.059 | LOSE | MEMORY_SIZE: 6993SEED: 598
Episode 566/3000 | Total reward: 9.00 | Avg loss: 2911.5009 | Epsilon: 0.059 | LOSE | MEMORY_SIZE: 6995SEED: 598
Episode 567/3000 | Total reward: 0.00 | Avg loss: 2190.3325 | Epsilon: 0.058 | LOSE | MEMORY_SIZE: 6996SEED: 598
Episode 568/3000 | Total reward: 0.00 | Avg loss: 2445.5012 | Epsilon: 0.058 | LOSE | MEMORY_SIZE: 6997SEED: 598
Episode 569/3000 | Total reward: -5.00 | Avg loss: 2601.4678 | Epsilon: 0.058 | LOSE | MEMORY_SIZE: 7003SEED: 598
Episode 570/3000 | Total reward: -1.00 | Avg loss: 3464.9231 | Epsilon: 0.057 | LOSE | MEMORY_SIZE: 7005SEED: 598
Episode 571/3000 | Total reward: -12.00 | Avg loss: 2807.6137 | Epsilon: 0.057 | LOSE | MEMORY_SIZE: 7018SEED: 598
Episode 572/3000 | Total reward: -16.00 | Avg loss: 3007.4584 | Epsilon: 0.057 | LOSE | MEMORY_SIZE: 7035SEED: 598
Episode 573/3000 | Total reward: 34.00 | Avg loss: 2441.0794 | Epsilon: 0.057 | LOSE | MEMORY_SIZE: 7082SEED: 598
Episode 574/3000 | Total reward: -10.00 | Avg loss: 2199.1830 | Epsilon: 0.056 | LOSE | MEMORY_SIZE: 7103SEED: 598
Episode 575/3000 | Total reward: -7.00 | Avg loss: 2446.8437 | Epsilon: 0.056 | LOSE | MEMORY_SIZE: 7111SEED: 598
Episode 576/3000 | Total reward: -9.00 | Avg loss: 2382.4898 | Epsilon: 0.056 | LOSE | MEMORY_SIZE: 7121SEED: 598
Episode 577/3000 | Total reward: -277.00 | Avg loss: 2348.2024 | Epsilon: 0.055 | LOSE | MEMORY_SIZE: 7479SEED: 598
Episode 578/3000 | Total reward: -6.00 | Avg loss: 2463.7238 | Epsilon: 0.055 | LOSE | MEMORY_SIZE: 7486SEED: 598
Episode 579/3000 | Total reward: -16.00 | Avg loss: 2266.6413 | Epsilon: 0.055 | LOSE | MEMORY_SIZE: 7503SEED: 598
Episode 580/3000 | Total reward: -10.00 | Avg loss: 2329.0489 | Epsilon: 0.055 | LOSE | MEMORY_SIZE: 7514SEED: 598
Episode 581/3000 | Total reward: -43.00 | Avg loss: 2409.2033 | Epsilon: 0.054 | LOSE | MEMORY_SIZE: 7558SEED: 598
Episode 582/3000 | Total reward: -22.00 | Avg loss: 2749.1684 | Epsilon: 0.054 | LOSE | MEMORY_SIZE: 7581SEED: 598
Episode 583/3000 | Total reward: -21.00 | Avg loss: 2337.0170 | Epsilon: 0.054 | LOSE | MEMORY_SIZE: 7603SEED: 598
Episode 584/3000 | Total reward: -58.00 | Avg loss: 2372.6833 | Epsilon: 0.054 | LOSE | MEMORY_SIZE: 7682SEED: 598
Episode 585/3000 | Total reward: -20.00 | Avg loss: 2168.9794 | Epsilon: 0.053 | LOSE | MEMORY_SIZE: 7703SEED: 598
Episode 586/3000 | Total reward: -21.00 | Avg loss: 2211.4061 | Epsilon: 0.053 | LOSE | MEMORY_SIZE: 7725SEED: 598
Episode 587/3000 | Total reward: -44.00 | Avg loss: 2271.2357 | Epsilon: 0.053 | LOSE | MEMORY_SIZE: 7780SEED: 598
Episode 588/3000 | Total reward: -68.00 | Avg loss: 2436.1629 | Epsilon: 0.052 | LOSE | MEMORY_SIZE: 7859SEED: 598
Episode 589/3000 | Total reward: -2.00 | Avg loss: 2045.1420 | Epsilon: 0.052 | LOSE | MEMORY_SIZE: 7862SEED: 598
Episode 590/3000 | Total reward: -6.00 | Avg loss: 2222.5709 | Epsilon: 0.052 | LOSE | MEMORY_SIZE: 7879SEED: 598
Episode 591/3000 | Total reward: -25.00 | Avg loss: 2318.8834 | Epsilon: 0.052 | LOSE | MEMORY_SIZE: 7915SEED: 598
Episode 592/3000 | Total reward: -14.00 | Avg loss: 2369.4321 | Epsilon: 0.051 | LOSE | MEMORY_SIZE: 7940SEED: 598
Episode 593/3000 | Total reward: -27.00 | Avg loss: 2474.2649 | Epsilon: 0.051 | LOSE | MEMORY_SIZE: 7968SEED: 598
Episode 594/3000 | Total reward: -45.00 | Avg loss: 2351.0511 | Epsilon: 0.051 | LOSE | MEMORY_SIZE: 8014SEED: 598
Episode 595/3000 | Total reward: -19.00 | Avg loss: 2324.2144 | Epsilon: 0.051 | LOSE | MEMORY_SIZE: 8034SEED: 598
Episode 596/3000 | Total reward: -11.00 | Avg loss: 2600.7409 | Epsilon: 0.050 | LOSE | MEMORY_SIZE: 8046SEED: 598
Episode 597/3000 | Total reward: -34.00 | Avg loss: 2375.9125 | Epsilon: 0.050 | LOSE | MEMORY_SIZE: 8081SEED: 598
Episode 598/3000 | Total reward: -46.00 | Avg loss: 2320.4742 | Epsilon: 0.050 | LOSE | MEMORY_SIZE: 8158SEED: 598
Episode 599/3000 | Total reward: -176.00 | Avg loss: 2344.4995 | Epsilon: 0.050 | LOSE | MEMORY_SIZE: 8355SEED: 598
Episode 600/3000 | Total reward: -109.00 | Avg loss: 2431.9204 | Epsilon: 0.050 | LOSE | MEMORY_SIZE: 8475SEED: 598
--- Last 100 episodes ---
Avg reward: -21.07 | Avg loss: 2308.9370 | Win rate: 0.0% | Lose rate: 100.0%
-------------------------
Episode 601/3000 | Total reward: -29.00 | Avg loss: 2512.8410 | Epsilon: 0.050 | LOSE | MEMORY_SIZE: 8505SEED: 598
Episode 602/3000 | Total reward: -89.00 | Avg loss: 2423.6471 | Epsilon: 0.050 | LOSE | MEMORY_SIZE: 8615SEED: 598
Episode 603/3000 | Total reward: -2.00 | Avg loss: 2494.4667 | Epsilon: 0.050 | LOSE | MEMORY_SIZE: 8618SEED: 598
Episode 604/3000 | Total reward: 0.00 | Avg loss: 3024.8916 | Epsilon: 0.050 | LOSE | MEMORY_SIZE: 8619SEED: 598
Episode 605/3000 | Total reward: -29.00 | Avg loss: 2428.5471 | Epsilon: 0.050 | LOSE | MEMORY_SIZE: 8659SEED: 598
Episode 606/3000 | Total reward: -11.00 | Avg loss: 2502.3369 | Epsilon: 0.050 | LOSE | MEMORY_SIZE: 8671SEED: 598
Episode 607/3000 | Total reward: -92.00 | Avg loss: 2439.2494 | Epsilon: 0.050 | LOSE | MEMORY_SIZE: 8764SEED: 598
Episode 608/3000 | Total reward: -9.00 | Avg loss: 2644.1265 | Epsilon: 0.050 | LOSE | MEMORY_SIZE: 8774SEED: 598
Episode 609/3000 | Total reward: -25.00 | Avg loss: 2321.5205 | Epsilon: 0.050 | LOSE | MEMORY_SIZE: 8800SEED: 598
Episode 610/3000 | Total reward: -16.00 | Avg loss: 2579.6555 | Epsilon: 0.050 | LOSE | MEMORY_SIZE: 8817SEED: 598
Episode 611/3000 | Total reward: 4.00 | Avg loss: 2313.8241 | Epsilon: 0.050 | LOSE | MEMORY_SIZE: 8834SEED: 598
Episode 612/3000 | Total reward: -1.00 | Avg loss: 2244.0251 | Epsilon: 0.050 | LOSE | MEMORY_SIZE: 8836SEED: 598
Episode 613/3000 | Total reward: -45.00 | Avg loss: 2382.6642 | Epsilon: 0.050 | LOSE | MEMORY_SIZE: 8892SEED: 598
Episode 614/3000 | Total reward: -2.00 | Avg loss: 2767.3816 | Epsilon: 0.050 | LOSE | MEMORY_SIZE: 8895SEED: 598
Episode 615/3000 | Total reward: -5.00 | Avg loss: 2346.6190 | Epsilon: 0.050 | LOSE | MEMORY_SIZE: 8911SEED: 598
Episode 616/3000 | Total reward: -10.00 | Avg loss: 2614.5598 | Epsilon: 0.050 | LOSE | MEMORY_SIZE: 8922SEED: 598
Episode 617/3000 | Total reward: -10.00 | Avg loss: 2496.5774 | Epsilon: 0.050 | LOSE | MEMORY_SIZE: 8933SEED: 598
Episode 618/3000 | Total reward: -17.00 | Avg loss: 2283.4697 | Epsilon: 0.050 | LOSE | MEMORY_SIZE: 8951SEED: 598
Episode 619/3000 | Total reward: -18.00 | Avg loss: 2311.5671 | Epsilon: 0.050 | LOSE | MEMORY_SIZE: 8970SEED: 598
Episode 620/3000 | Total reward: -22.00 | Avg loss: 2379.4604 | Epsilon: 0.050 | LOSE | MEMORY_SIZE: 8993SEED: 598
Episode 621/3000 | Total reward: -45.00 | Avg loss: 2330.8760 | Epsilon: 0.050 | LOSE | MEMORY_SIZE: 9039SEED: 598
Episode 622/3000 | Total reward: -18.00 | Avg loss: 2463.5218 | Epsilon: 0.050 | LOSE | MEMORY_SIZE: 9088SEED: 598
Episode 623/3000 | Total reward: -21.00 | Avg loss: 2384.5793 | Epsilon: 0.050 | LOSE | MEMORY_SIZE: 9120SEED: 598
Episode 624/3000 | Total reward: -17.00 | Avg loss: 2459.2304 | Epsilon: 0.050 | LOSE | MEMORY_SIZE: 9148SEED: 598
Episode 625/3000 | Total reward: -25.00 | Avg loss: 2341.4609 | Epsilon: 0.050 | LOSE | MEMORY_SIZE: 9174SEED: 598
Episode 626/3000 | Total reward: -73.00 | Avg loss: 2408.1276 | Epsilon: 0.050 | LOSE | MEMORY_SIZE: 9248SEED: 598
Episode 627/3000 | Total reward: -52.00 | Avg loss: 2347.7280 | Epsilon: 0.050 | LOSE | MEMORY_SIZE: 9301SEED: 598
Episode 628/3000 | Total reward: -3.00 | Avg loss: 2215.8954 | Epsilon: 0.050 | LOSE | MEMORY_SIZE: 9305SEED: 598
Episode 629/3000 | Total reward: -43.00 | Avg loss: 2339.3812 | Epsilon: 0.050 | LOSE | MEMORY_SIZE: 9379SEED: 598
Episode 630/3000 | Total reward: -4.00 | Avg loss: 2076.9324 | Epsilon: 0.050 | LOSE | MEMORY_SIZE: 9384SEED: 598
Episode 631/3000 | Total reward: -49.00 | Avg loss: 2284.0662 | Epsilon: 0.050 | LOSE | MEMORY_SIZE: 9434SEED: 598
Episode 632/3000 | Total reward: -143.00 | Avg loss: 2274.4533 | Epsilon: 0.050 | LOSE | MEMORY_SIZE: 9608SEED: 598
Episode 633/3000 | Total reward: -9.00 | Avg loss: 2620.5771 | Epsilon: 0.050 | LOSE | MEMORY_SIZE: 9628SEED: 598
Episode 634/3000 | Total reward: -4.00 | Avg loss: 2017.5721 | Epsilon: 0.050 | LOSE | MEMORY_SIZE: 9633SEED: 598
Episode 635/3000 | Total reward: -34.00 | Avg loss: 2207.2283 | Epsilon: 0.050 | LOSE | MEMORY_SIZE: 9678SEED: 598
Episode 636/3000 | Total reward: -7.00 | Avg loss: 2297.5011 | Epsilon: 0.050 | LOSE | MEMORY_SIZE: 9696SEED: 598
Episode 637/3000 | Total reward: 9.00 | Avg loss: 2301.9389 | Epsilon: 0.050 | LOSE | MEMORY_SIZE: 9718SEED: 598
Episode 638/3000 | Total reward: -8.00 | Avg loss: 2397.5125 | Epsilon: 0.050 | LOSE | MEMORY_SIZE: 9727SEED: 598
Episode 639/3000 | Total reward: -4.00 | Avg loss: 2043.1849 | Epsilon: 0.050 | LOSE | MEMORY_SIZE: 9732SEED: 598
Episode 640/3000 | Total reward: -9.00 | Avg loss: 2177.0069 | Epsilon: 0.050 | LOSE | MEMORY_SIZE: 9772SEED: 598
Episode 641/3000 | Total reward: -125.00 | Avg loss: 2428.7641 | Epsilon: 0.050 | LOSE | MEMORY_SIZE: 9918SEED: 598
Episode 642/3000 | Total reward: -26.00 | Avg loss: 2305.7672 | Epsilon: 0.050 | LOSE | MEMORY_SIZE: 9965SEED: 598
Episode 643/3000 | Total reward: -59.00 | Avg loss: 2209.5376 | Epsilon: 0.050 | LOSE | MEMORY_SIZE: 10115SEED: 598
Episode 644/3000 | Total reward: -28.00 | Avg loss: 2177.8783 | Epsilon: 0.050 | LOSE | MEMORY_SIZE: 10194SEED: 598
Episode 645/3000 | Total reward: -4.00 | Avg loss: 2680.5943 | Epsilon: 0.050 | LOSE | MEMORY_SIZE: 10199SEED: 598
Episode 646/3000 | Total reward: -13.00 | Avg loss: 2483.2324 | Epsilon: 0.050 | LOSE | MEMORY_SIZE: 10213SEED: 598
Episode 647/3000 | Total reward: -15.00 | Avg loss: 2099.8549 | Epsilon: 0.050 | LOSE | MEMORY_SIZE: 10239SEED: 598
Episode 648/3000 | Total reward: -99.00 | Avg loss: 2226.1583 | Epsilon: 0.050 | LOSE | MEMORY_SIZE: 10369SEED: 598
Episode 649/3000 | Total reward: -2.00 | Avg loss: 2687.8241 | Epsilon: 0.050 | LOSE | MEMORY_SIZE: 10372SEED: 598
Episode 650/3000 | Total reward: 0.00 | Avg loss: 2872.8589 | Epsilon: 0.050 | LOSE | MEMORY_SIZE: 10373SEED: 598
Episode 651/3000 | Total reward: 0.00 | Avg loss: 3883.0713 | Epsilon: 0.050 | LOSE | MEMORY_SIZE: 10374SEED: 598
Episode 652/3000 | Total reward: 0.00 | Avg loss: 31188.8516 | Epsilon: 0.050 | LOSE | MEMORY_SIZE: 10375SEED: 598
Episode 653/3000 | Total reward: 0.00 | Avg loss: 30751.8359 | Epsilon: 0.050 | LOSE | MEMORY_SIZE: 10376SEED: 598
Episode 654/3000 | Total reward: 0.00 | Avg loss: 20932.9492 | Epsilon: 0.050 | LOSE | MEMORY_SIZE: 10377SEED: 598
Episode 655/3000 | Total reward: 0.00 | Avg loss: 15507.2422 | Epsilon: 0.050 | LOSE | MEMORY_SIZE: 10378SEED: 598
Episode 656/3000 | Total reward: 0.00 | Avg loss: 12550.3438 | Epsilon: 0.050 | LOSE | MEMORY_SIZE: 10379SEED: 598
Episode 657/3000 | Total reward: 0.00 | Avg loss: 8669.8350 | Epsilon: 0.050 | LOSE | MEMORY_SIZE: 10380SEED: 598
Episode 658/3000 | Total reward: 0.00 | Avg loss: 7802.3652 | Epsilon: 0.050 | LOSE | MEMORY_SIZE: 10381SEED: 598
Episode 659/3000 | Total reward: 0.00 | Avg loss: 3564.4478 | Epsilon: 0.050 | LOSE | MEMORY_SIZE: 10382SEED: 598
Episode 660/3000 | Total reward: 0.00 | Avg loss: 3291.9624 | Epsilon: 0.050 | LOSE | MEMORY_SIZE: 10383SEED: 598
Episode 661/3000 | Total reward: 0.00 | Avg loss: 2052.6440 | Epsilon: 0.050 | LOSE | MEMORY_SIZE: 10384SEED: 598
Episode 662/3000 | Total reward: 0.00 | Avg loss: 2467.3608 | Epsilon: 0.050 | LOSE | MEMORY_SIZE: 10385SEED: 598
Episode 663/3000 | Total reward: 0.00 | Avg loss: 4524.8418 | Epsilon: 0.050 | LOSE | MEMORY_SIZE: 10386SEED: 598
Episode 664/3000 | Total reward: 0.00 | Avg loss: 2556.9785 | Epsilon: 0.050 | LOSE | MEMORY_SIZE: 10387SEED: 598
Episode 665/3000 | Total reward: 0.00 | Avg loss: 4297.0410 | Epsilon: 0.050 | LOSE | MEMORY_SIZE: 10388SEED: 598
Episode 666/3000 | Total reward: 0.00 | Avg loss: 3810.2329 | Epsilon: 0.050 | LOSE | MEMORY_SIZE: 10389SEED: 598
Episode 667/3000 | Total reward: 0.00 | Avg loss: 4655.8438 | Epsilon: 0.050 | LOSE | MEMORY_SIZE: 10390SEED: 598
Episode 668/3000 | Total reward: 0.00 | Avg loss: 5962.3188 | Epsilon: 0.050 | LOSE | MEMORY_SIZE: 10391SEED: 598
Episode 669/3000 | Total reward: 0.00 | Avg loss: 6442.3467 | Epsilon: 0.050 | LOSE | MEMORY_SIZE: 10392SEED: 598
Episode 670/3000 | Total reward: -35.00 | Avg loss: 2055.3575 | Epsilon: 0.050 | LOSE | MEMORY_SIZE: 10458SEED: 598
Episode 671/3000 | Total reward: -8.00 | Avg loss: 1390.4609 | Epsilon: 0.050 | LOSE | MEMORY_SIZE: 10467SEED: 598
Episode 672/3000 | Total reward: -276.00 | Avg loss: 1585.7784 | Epsilon: 0.050 | LOSE | MEMORY_SIZE: 10774SEED: 598
Episode 673/3000 | Total reward: -14.00 | Avg loss: 1349.4792 | Epsilon: 0.050 | LOSE | MEMORY_SIZE: 10789SEED: 598
Episode 674/3000 | Total reward: -39.00 | Avg loss: 1528.4703 | Epsilon: 0.050 | LOSE | MEMORY_SIZE: 10859SEED: 598
Episode 675/3000 | Total reward: -10.00 | Avg loss: 1437.0337 | Epsilon: 0.050 | LOSE | MEMORY_SIZE: 10910SEED: 598
Episode 676/3000 | Total reward: -125.00 | Avg loss: 1468.5407 | Epsilon: 0.050 | LOSE | MEMORY_SIZE: 11076SEED: 598
Episode 677/3000 | Total reward: -7.00 | Avg loss: 1263.8502 | Epsilon: 0.050 | LOSE | MEMORY_SIZE: 11104SEED: 598
Episode 678/3000 | Total reward: -47.00 | Avg loss: 1416.6622 | Epsilon: 0.050 | LOSE | MEMORY_SIZE: 11172SEED: 598
Episode 679/3000 | Total reward: -96.00 | Avg loss: 1424.9907 | Epsilon: 0.050 | LOSE | MEMORY_SIZE: 11319SEED: 598
Episode 680/3000 | Total reward: -32.00 | Avg loss: 1433.6129 | Epsilon: 0.050 | LOSE | MEMORY_SIZE: 11372SEED: 598
